{"/Users/syedwaqarahmed/Documents/UBC/Term_7_current/CPSC_310/Project/project_team043/src/controller/IInsightFacade.ts":{"path":"/Users/syedwaqarahmed/Documents/UBC/Term_7_current/CPSC_310/Project/project_team043/src/controller/IInsightFacade.ts","statementMap":{"0":{"start":{"line":2,"column":0},"end":{"line":2,"column":62}},"1":{"start":{"line":3,"column":0},"end":{"line":3,"column":113}},"2":{"start":{"line":5,"column":0},"end":{"line":8,"column":89}},"3":{"start":{"line":6,"column":4},"end":{"line":6,"column":48}},"4":{"start":{"line":7,"column":4},"end":{"line":7,"column":42}},"5":{"start":{"line":11,"column":8},"end":{"line":11,"column":23}},"6":{"start":{"line":12,"column":8},"end":{"line":12,"column":52}},"7":{"start":{"line":15,"column":0},"end":{"line":15,"column":36}},"8":{"start":{"line":18,"column":8},"end":{"line":18,"column":23}},"9":{"start":{"line":19,"column":8},"end":{"line":19,"column":53}},"10":{"start":{"line":22,"column":0},"end":{"line":22,"column":38}},"11":{"start":{"line":25,"column":8},"end":{"line":25,"column":23}},"12":{"start":{"line":26,"column":8},"end":{"line":26,"column":59}},"13":{"start":{"line":29,"column":0},"end":{"line":29,"column":50}}},"fnMap":{"0":{"name":"(anonymous_0)","decl":{"start":{"line":5,"column":1},"end":{"line":5,"column":2}},"loc":{"start":{"line":5,"column":31},"end":{"line":8,"column":1}},"line":5},"1":{"name":"(anonymous_1)","decl":{"start":{"line":10,"column":4},"end":{"line":10,"column":5}},"loc":{"start":{"line":10,"column":25},"end":{"line":13,"column":5}},"line":10},"2":{"name":"(anonymous_2)","decl":{"start":{"line":17,"column":4},"end":{"line":17,"column":5}},"loc":{"start":{"line":17,"column":25},"end":{"line":20,"column":5}},"line":17},"3":{"name":"(anonymous_3)","decl":{"start":{"line":24,"column":4},"end":{"line":24,"column":5}},"loc":{"start":{"line":24,"column":25},"end":{"line":27,"column":5}},"line":24}},"branchMap":{"0":{"loc":{"start":{"line":8,"column":24},"end":{"line":8,"column":87}},"type":"binary-expr","locations":[{"start":{"line":8,"column":24},"end":{"line":8,"column":50}},{"start":{"line":8,"column":55},"end":{"line":8,"column":86}}],"line":8}},"s":{"0":1,"1":1,"2":1,"3":1,"4":1,"5":24,"6":24,"7":1,"8":2,"9":2,"10":1,"11":0,"12":0,"13":1},"f":{"0":1,"1":24,"2":2,"3":0},"b":{"0":[1,1]},"inputSourceMap":{"version":3,"file":"/Users/syedwaqarahmed/Documents/UBC/Term_7_current/CPSC_310/Project/project_team043/src/controller/IInsightFacade.ts","sources":["/Users/syedwaqarahmed/Documents/UBC/Term_7_current/CPSC_310/Project/project_team043/src/controller/IInsightFacade.ts"],"names":[],"mappings":";;;AAMA,IAAY,kBAGX;AAHD,WAAY,kBAAkB;IAC7B,2CAAqB,CAAA;IACrB,qCAAe,CAAA;AAChB,CAAC,EAHW,kBAAkB,GAAlB,0BAAkB,KAAlB,0BAAkB,QAG7B;AAmDD,MAAa,YAAa,SAAQ,KAAK;IACtC,YAAY,OAAgB;QAC3B,KAAK,CAAC,OAAO,CAAC,CAAC;QACf,KAAK,CAAC,iBAAiB,CAAC,IAAI,EAAE,YAAY,CAAC,CAAC;IAC7C,CAAC;CACD;AALD,oCAKC;AAED,MAAa,aAAc,SAAQ,KAAK;IACvC,YAAY,OAAgB;QAC3B,KAAK,CAAC,OAAO,CAAC,CAAC;QACf,KAAK,CAAC,iBAAiB,CAAC,IAAI,EAAE,aAAa,CAAC,CAAC;IAC9C,CAAC;CACD;AALD,sCAKC;AAED,MAAa,mBAAoB,SAAQ,KAAK;IAC7C,YAAY,OAAgB;QAC3B,KAAK,CAAC,OAAO,CAAC,CAAC;QACf,KAAK,CAAC,iBAAiB,CAAC,IAAI,EAAE,mBAAmB,CAAC,CAAC;IACpD,CAAC;CACD;AALD,kDAKC","sourcesContent":["/*\n * This is the primary high-level API for the project. In this folder there should be:\n * A class called InsightFacade, this should be in a file called InsightFacade.ts.\n * You should not change this interface at all or the test suite will not work.\n */\n\nexport enum InsightDatasetKind {\n\tSections = \"sections\",\n\tRooms = \"rooms\",\n}\n\n// This is our dataset interface\nexport interface Dataset {\n\tid: string;\n\tkind: InsightDatasetKind;\n\tnumRows: number;\n\tdatasetArray: JSON[];\n}\n\n// This is the given georesponse interface for location data\nexport interface GeoResponse {\n\tlat?: number;\n\tlon?: number;\n\terror?: string;\n}\n\n// This is our rooms interface for rooms\nexport interface Rooms {\n\tfullname: string;\n\tshortname: string;\n\tnumber: string;\n\tname: string;\n\taddress: string;\n\tlat: number | string | undefined;\n\tlon: number | string | undefined;\n\tseats: number;\n\ttype: string;\n\tfurniture: string;\n\thref: string;\n}\n\n\nexport interface Building {\n\tfullname: string;\n\tshortname: string;\n\taddress: string;\n\tlat: number | string | undefined;\n\tlon: number | string | undefined;\n}\n\nexport interface InsightDataset {\n\tid: string;\n\tkind: InsightDatasetKind;\n\tnumRows: number;\n}\n\nexport interface InsightResult {\n\t[key: string]: string | number;\n}\n\nexport class InsightError extends Error {\n\tconstructor(message?: string) {\n\t\tsuper(message);\n\t\tError.captureStackTrace(this, InsightError);\n\t}\n}\n\nexport class NotFoundError extends Error {\n\tconstructor(message?: string) {\n\t\tsuper(message);\n\t\tError.captureStackTrace(this, NotFoundError);\n\t}\n}\n\nexport class ResultTooLargeError extends Error {\n\tconstructor(message?: string) {\n\t\tsuper(message);\n\t\tError.captureStackTrace(this, ResultTooLargeError);\n\t}\n}\n\nexport interface IInsightFacade {\n\t/**\n\t * Add a dataset to insightUBC.\n\t *\n\t * @param id  The id of the dataset being added. Follows the format /^[^_]+$/\n\t * @param content  The base64 content of the dataset. This content should be in the form of a serialized zip file.\n\t * @param kind  The kind of the dataset\n\t *\n\t * @return Promise <string[]>\n\t *\n\t * The promise should fulfill on a successful add, reject for any failures.\n\t * The promise should fulfill with a string array,\n\t * containing the ids of all currently added datasets upon a successful add.\n\t * The promise should reject with an InsightError describing the error.\n\t *\n\t * An id is invalid if it contains an underscore, or is only whitespace characters.\n\t * If id is the same as the id of an already added dataset, the dataset should be rejected and not saved.\n\t *\n\t * After receiving the dataset, it should be processed into a data structure of\n\t * your design. The processed data structure should be persisted to disk; your\n\t * system should be able to load this persisted value into memory for answering\n\t * queries.\n\t *\n\t * Ultimately, a dataset must be added or loaded from disk before queries can\n\t * be successfully answered.\n\t */\n\taddDataset(id: string, content: string, kind: InsightDatasetKind): Promise<string[]>;\n\n\t/**\n\t * Remove a dataset from insightUBC.\n\t *\n\t * @param id  The id of the dataset to remove. Follows the format /^[^_]+$/\n\t *\n\t * @return Promise <string>\n\t *\n\t * The promise should fulfill upon a successful removal, reject on any error.\n\t * Attempting to remove a dataset that hasn't been added yet counts as an error.\n\t *\n\t * An id is invalid if it contains an underscore, or is only whitespace characters.\n\t *\n\t * The promise should fulfill the id of the dataset that was removed.\n\t * The promise should reject with a NotFoundError (if a valid id was not yet added)\n\t * or an InsightError (invalid id or any other source of failure) describing the error.\n\t *\n\t * This will delete both disk and memory caches for the dataset for the id meaning\n\t * that subsequent queries for that id should fail unless a new addDataset happens first.\n\t */\n\tremoveDataset(id: string): Promise<string>;\n\n\t/**\n\t * Perform a query on insightUBC.\n\t *\n\t * @param query  The query to be performed.\n\t *\n\t * If a query is incorrectly formatted, references a dataset not added (in memory or on disk),\n\t * or references multiple datasets, it should be rejected.\n\t *\n\t * @return Promise <InsightResult[]>\n\t *\n\t * The promise should fulfill with an array of results.\n\t * The promise should reject with a ResultTooLargeError (if the query returns too many results)\n\t * or an InsightError (for any other source of failure) describing the error.\n\t */\n\tperformQuery(query: unknown): Promise<InsightResult[]>;\n\n\t/**\n\t * List all currently added datasets, their types, and number of rows.\n\t *\n\t * @return Promise <InsightDataset[]>\n\t * The promise should fulfill an array of currently added InsightDatasets, and will only fulfill.\n\t */\n\tlistDatasets(): Promise<InsightDataset[]>;\n}\n"]},"_coverageSchema":"1a1c01bbd47fc00a2c39e90264f33305004495a9","hash":"b47b85e2d535a56157168d4464d029fa3d89d1b1","contentHash":"65de73eeafc73645bc09ca4fb4ac6066bd0634a7b88ae509af59f72a584f6025"},"/Users/syedwaqarahmed/Documents/UBC/Term_7_current/CPSC_310/Project/project_team043/src/controller/InsightFacade.ts":{"path":"/Users/syedwaqarahmed/Documents/UBC/Term_7_current/CPSC_310/Project/project_team043/src/controller/InsightFacade.ts","statementMap":{"0":{"start":{"line":2,"column":0},"end":{"line":2,"column":62}},"1":{"start":{"line":3,"column":25},"end":{"line":3,"column":52}},"2":{"start":{"line":4,"column":25},"end":{"line":4,"column":59}},"3":{"start":{"line":5,"column":36},"end":{"line":5,"column":74}},"4":{"start":{"line":6,"column":25},"end":{"line":6,"column":52}},"5":{"start":{"line":7,"column":26},"end":{"line":7,"column":54}},"6":{"start":{"line":9,"column":10},"end":{"line":9,"column":19}},"7":{"start":{"line":10,"column":24},"end":{"line":10,"column":32}},"8":{"start":{"line":11,"column":25},"end":{"line":11,"column":50}},"9":{"start":{"line":13,"column":8},"end":{"line":13,"column":49}},"10":{"start":{"line":14,"column":8},"end":{"line":14,"column":91}},"11":{"start":{"line":17,"column":8},"end":{"line":48,"column":11}},"12":{"start":{"line":19,"column":28},"end":{"line":19,"column":29}},"13":{"start":{"line":20,"column":28},"end":{"line":25,"column":13}},"14":{"start":{"line":26,"column":12},"end":{"line":47,"column":15}},"15":{"start":{"line":28,"column":16},"end":{"line":34,"column":17}},"16":{"start":{"line":29,"column":20},"end":{"line":29,"column":113}},"17":{"start":{"line":32,"column":20},"end":{"line":32,"column":79}},"18":{"start":{"line":33,"column":20},"end":{"line":33,"column":100}},"19":{"start":{"line":37,"column":16},"end":{"line":37,"column":43}},"20":{"start":{"line":38,"column":16},"end":{"line":38,"column":44}},"21":{"start":{"line":39,"column":16},"end":{"line":39,"column":44}},"22":{"start":{"line":40,"column":16},"end":{"line":40,"column":92}},"23":{"start":{"line":43,"column":16},"end":{"line":43,"column":42}},"24":{"start":{"line":46,"column":16},"end":{"line":46,"column":70}},"25":{"start":{"line":51,"column":8},"end":{"line":70,"column":11}},"26":{"start":{"line":52,"column":12},"end":{"line":54,"column":13}},"27":{"start":{"line":53,"column":16},"end":{"line":53,"column":95}},"28":{"start":{"line":55,"column":12},"end":{"line":57,"column":13}},"29":{"start":{"line":56,"column":16},"end":{"line":56,"column":100}},"30":{"start":{"line":58,"column":12},"end":{"line":61,"column":13}},"31":{"start":{"line":59,"column":16},"end":{"line":59,"column":46}},"32":{"start":{"line":60,"column":16},"end":{"line":60,"column":91}},"33":{"start":{"line":62,"column":12},"end":{"line":62,"column":32}},"34":{"start":{"line":63,"column":12},"end":{"line":69,"column":15}},"35":{"start":{"line":65,"column":16},"end":{"line":65,"column":35}},"36":{"start":{"line":68,"column":16},"end":{"line":68,"column":93}},"37":{"start":{"line":73,"column":8},"end":{"line":114,"column":11}},"38":{"start":{"line":74,"column":12},"end":{"line":112,"column":13}},"39":{"start":{"line":75,"column":16},"end":{"line":75,"column":92}},"40":{"start":{"line":77,"column":17},"end":{"line":112,"column":13}},"41":{"start":{"line":78,"column":16},"end":{"line":78,"column":95}},"42":{"start":{"line":81,"column":32},"end":{"line":81,"column":56}},"43":{"start":{"line":82,"column":37},"end":{"line":82,"column":60}},"44":{"start":{"line":83,"column":16},"end":{"line":111,"column":17}},"45":{"start":{"line":84,"column":20},"end":{"line":84,"column":123}},"46":{"start":{"line":87,"column":20},"end":{"line":93,"column":21}},"47":{"start":{"line":88,"column":40},"end":{"line":88,"column":77}},"48":{"start":{"line":89,"column":24},"end":{"line":89,"column":87}},"49":{"start":{"line":92,"column":24},"end":{"line":92,"column":78}},"50":{"start":{"line":94,"column":36},"end":{"line":94,"column":41}},"51":{"start":{"line":95,"column":20},"end":{"line":109,"column":21}},"52":{"start":{"line":97,"column":42},"end":{"line":97,"column":79}},"53":{"start":{"line":98,"column":24},"end":{"line":98,"column":72}},"54":{"start":{"line":99,"column":24},"end":{"line":99,"column":88}},"55":{"start":{"line":100,"column":38},"end":{"line":100,"column":40}},"56":{"start":{"line":101,"column":24},"end":{"line":106,"column":25}},"57":{"start":{"line":102,"column":28},"end":{"line":102,"column":109}},"58":{"start":{"line":105,"column":28},"end":{"line":105,"column":49}},"59":{"start":{"line":107,"column":24},"end":{"line":107,"column":66}},"60":{"start":{"line":108,"column":24},"end":{"line":108,"column":48}},"61":{"start":{"line":110,"column":20},"end":{"line":110,"column":107}},"62":{"start":{"line":113,"column":12},"end":{"line":113,"column":71}},"63":{"start":{"line":117,"column":8},"end":{"line":131,"column":11}},"64":{"start":{"line":118,"column":24},"end":{"line":118,"column":26}},"65":{"start":{"line":119,"column":12},"end":{"line":129,"column":15}},"66":{"start":{"line":120,"column":28},"end":{"line":124,"column":17}},"67":{"start":{"line":125,"column":16},"end":{"line":125,"column":31}},"68":{"start":{"line":126,"column":16},"end":{"line":126,"column":40}},"69":{"start":{"line":127,"column":16},"end":{"line":127,"column":46}},"70":{"start":{"line":128,"column":16},"end":{"line":128,"column":34}},"71":{"start":{"line":130,"column":12},"end":{"line":130,"column":34}},"72":{"start":{"line":134,"column":28},"end":{"line":134,"column":49}},"73":{"start":{"line":135,"column":32},"end":{"line":135,"column":56}},"74":{"start":{"line":136,"column":31},"end":{"line":136,"column":80}},"75":{"start":{"line":138,"column":8},"end":{"line":138,"column":72}},"76":{"start":{"line":139,"column":8},"end":{"line":139,"column":22}},"77":{"start":{"line":142,"column":20},"end":{"line":142,"column":22}},"78":{"start":{"line":143,"column":8},"end":{"line":147,"column":9}},"79":{"start":{"line":143,"column":21},"end":{"line":143,"column":22}},"80":{"start":{"line":144,"column":12},"end":{"line":146,"column":13}},"81":{"start":{"line":145,"column":16},"end":{"line":145,"column":26}},"82":{"start":{"line":148,"column":8},"end":{"line":148,"column":21}},"83":{"start":{"line":151,"column":0},"end":{"line":151,"column":32}}},"fnMap":{"0":{"name":"(anonymous_0)","decl":{"start":{"line":12,"column":4},"end":{"line":12,"column":5}},"loc":{"start":{"line":12,"column":18},"end":{"line":15,"column":5}},"line":12},"1":{"name":"(anonymous_1)","decl":{"start":{"line":16,"column":4},"end":{"line":16,"column":5}},"loc":{"start":{"line":16,"column":34},"end":{"line":49,"column":5}},"line":16},"2":{"name":"(anonymous_2)","decl":{"start":{"line":17,"column":27},"end":{"line":17,"column":28}},"loc":{"start":{"line":17,"column":48},"end":{"line":48,"column":9}},"line":17},"3":{"name":"(anonymous_3)","decl":{"start":{"line":27,"column":22},"end":{"line":27,"column":23}},"loc":{"start":{"line":27,"column":32},"end":{"line":35,"column":13}},"line":27},"4":{"name":"(anonymous_4)","decl":{"start":{"line":36,"column":22},"end":{"line":36,"column":23}},"loc":{"start":{"line":36,"column":34},"end":{"line":41,"column":13}},"line":36},"5":{"name":"(anonymous_5)","decl":{"start":{"line":42,"column":22},"end":{"line":42,"column":23}},"loc":{"start":{"line":42,"column":37},"end":{"line":44,"column":13}},"line":42},"6":{"name":"(anonymous_6)","decl":{"start":{"line":45,"column":23},"end":{"line":45,"column":24}},"loc":{"start":{"line":45,"column":32},"end":{"line":47,"column":13}},"line":45},"7":{"name":"(anonymous_7)","decl":{"start":{"line":50,"column":4},"end":{"line":50,"column":5}},"loc":{"start":{"line":50,"column":22},"end":{"line":71,"column":5}},"line":50},"8":{"name":"(anonymous_8)","decl":{"start":{"line":51,"column":27},"end":{"line":51,"column":28}},"loc":{"start":{"line":51,"column":48},"end":{"line":70,"column":9}},"line":51},"9":{"name":"(anonymous_9)","decl":{"start":{"line":64,"column":22},"end":{"line":64,"column":23}},"loc":{"start":{"line":64,"column":28},"end":{"line":66,"column":13}},"line":64},"10":{"name":"(anonymous_10)","decl":{"start":{"line":67,"column":23},"end":{"line":67,"column":24}},"loc":{"start":{"line":67,"column":29},"end":{"line":69,"column":13}},"line":67},"11":{"name":"(anonymous_11)","decl":{"start":{"line":72,"column":4},"end":{"line":72,"column":5}},"loc":{"start":{"line":72,"column":24},"end":{"line":115,"column":5}},"line":72},"12":{"name":"(anonymous_12)","decl":{"start":{"line":73,"column":27},"end":{"line":73,"column":28}},"loc":{"start":{"line":73,"column":48},"end":{"line":114,"column":9}},"line":73},"13":{"name":"(anonymous_13)","decl":{"start":{"line":116,"column":4},"end":{"line":116,"column":5}},"loc":{"start":{"line":116,"column":19},"end":{"line":132,"column":5}},"line":116},"14":{"name":"(anonymous_14)","decl":{"start":{"line":117,"column":27},"end":{"line":117,"column":28}},"loc":{"start":{"line":117,"column":48},"end":{"line":131,"column":9}},"line":117},"15":{"name":"(anonymous_15)","decl":{"start":{"line":119,"column":29},"end":{"line":119,"column":30}},"loc":{"start":{"line":119,"column":51},"end":{"line":129,"column":13}},"line":119},"16":{"name":"(anonymous_16)","decl":{"start":{"line":133,"column":4},"end":{"line":133,"column":5}},"loc":{"start":{"line":133,"column":24},"end":{"line":140,"column":5}},"line":133},"17":{"name":"(anonymous_17)","decl":{"start":{"line":141,"column":4},"end":{"line":141,"column":5}},"loc":{"start":{"line":141,"column":32},"end":{"line":149,"column":5}},"line":141}},"branchMap":{"0":{"loc":{"start":{"line":28,"column":16},"end":{"line":34,"column":17}},"type":"if","locations":[{"start":{"line":28,"column":16},"end":{"line":34,"column":17}},{"start":{"line":28,"column":16},"end":{"line":34,"column":17}}],"line":28},"1":{"loc":{"start":{"line":52,"column":12},"end":{"line":54,"column":13}},"type":"if","locations":[{"start":{"line":52,"column":12},"end":{"line":54,"column":13}},{"start":{"line":52,"column":12},"end":{"line":54,"column":13}}],"line":52},"2":{"loc":{"start":{"line":55,"column":12},"end":{"line":57,"column":13}},"type":"if","locations":[{"start":{"line":55,"column":12},"end":{"line":57,"column":13}},{"start":{"line":55,"column":12},"end":{"line":57,"column":13}}],"line":55},"3":{"loc":{"start":{"line":58,"column":12},"end":{"line":61,"column":13}},"type":"if","locations":[{"start":{"line":58,"column":12},"end":{"line":61,"column":13}},{"start":{"line":58,"column":12},"end":{"line":61,"column":13}}],"line":58},"4":{"loc":{"start":{"line":74,"column":12},"end":{"line":112,"column":13}},"type":"if","locations":[{"start":{"line":74,"column":12},"end":{"line":112,"column":13}},{"start":{"line":74,"column":12},"end":{"line":112,"column":13}}],"line":74},"5":{"loc":{"start":{"line":77,"column":17},"end":{"line":112,"column":13}},"type":"if","locations":[{"start":{"line":77,"column":17},"end":{"line":112,"column":13}},{"start":{"line":77,"column":17},"end":{"line":112,"column":13}}],"line":77},"6":{"loc":{"start":{"line":77,"column":21},"end":{"line":77,"column":58}},"type":"binary-expr","locations":[{"start":{"line":77,"column":21},"end":{"line":77,"column":35}},{"start":{"line":77,"column":39},"end":{"line":77,"column":58}}],"line":77},"7":{"loc":{"start":{"line":83,"column":16},"end":{"line":111,"column":17}},"type":"if","locations":[{"start":{"line":83,"column":16},"end":{"line":111,"column":17}},{"start":{"line":83,"column":16},"end":{"line":111,"column":17}}],"line":83},"8":{"loc":{"start":{"line":95,"column":20},"end":{"line":109,"column":21}},"type":"if","locations":[{"start":{"line":95,"column":20},"end":{"line":109,"column":21}},{"start":{"line":95,"column":20},"end":{"line":109,"column":21}}],"line":95},"9":{"loc":{"start":{"line":95,"column":24},"end":{"line":96,"column":78}},"type":"binary-expr","locations":[{"start":{"line":95,"column":24},"end":{"line":95,"column":76}},{"start":{"line":96,"column":24},"end":{"line":96,"column":78}}],"line":95},"10":{"loc":{"start":{"line":144,"column":12},"end":{"line":146,"column":13}},"type":"if","locations":[{"start":{"line":144,"column":12},"end":{"line":146,"column":13}},{"start":{"line":144,"column":12},"end":{"line":146,"column":13}}],"line":144}},"s":{"0":1,"1":1,"2":1,"3":1,"4":1,"5":1,"6":22,"7":1,"8":1,"9":22,"10":22,"11":24,"12":24,"13":24,"14":24,"15":19,"16":14,"17":5,"18":5,"19":13,"20":13,"21":13,"22":13,"23":13,"24":11,"25":6,"26":6,"27":1,"28":5,"29":1,"30":4,"31":2,"32":2,"33":2,"34":2,"35":2,"36":0,"37":0,"38":0,"39":0,"40":0,"41":0,"42":0,"43":0,"44":0,"45":0,"46":0,"47":0,"48":0,"49":0,"50":0,"51":0,"52":0,"53":0,"54":0,"55":0,"56":0,"57":0,"58":0,"59":0,"60":0,"61":0,"62":0,"63":12,"64":12,"65":12,"66":18,"67":18,"68":18,"69":18,"70":18,"71":12,"72":0,"73":0,"74":0,"75":0,"76":0,"77":0,"78":0,"79":0,"80":0,"81":0,"82":0,"83":1},"f":{"0":22,"1":24,"2":24,"3":19,"4":13,"5":13,"6":11,"7":6,"8":6,"9":2,"10":0,"11":0,"12":0,"13":12,"14":12,"15":18,"16":0,"17":0},"b":{"0":[14,5],"1":[1,5],"2":[1,4],"3":[2,2],"4":[0,0],"5":[0,0],"6":[0,0],"7":[0,0],"8":[0,0],"9":[0,0],"10":[0,0]},"inputSourceMap":{"version":3,"file":"/Users/syedwaqarahmed/Documents/UBC/Term_7_current/CPSC_310/Project/project_team043/src/controller/InsightFacade.ts","sources":["/Users/syedwaqarahmed/Documents/UBC/Term_7_current/CPSC_310/Project/project_team043/src/controller/InsightFacade.ts"],"names":[],"mappings":";;AAAA,qDAQ0B;AAE1B,4DAAuD;AAEvD,2EAMqC;AAErC,qDAAgD;AAChD,uDAAmD;AASnD,MAAqB,aAAa;IAC1B,GAAG,GAAyB,IAAI,GAAG,EAAmB,CAAC;IAEvD,MAAM,CAAC,UAAU,GAAG,QAAQ,CAAC;IAC7B,MAAM,CAAC,WAAW,GAAG,yBAAyB,CAAC;IAEtD;QAEC,OAAO,CAAC,GAAG,CAAC,2BAA2B,CAAC,CAAC;QACzC,IAAA,yCAAa,EAAC,aAAa,CAAC,UAAU,EAAE,IAAI,CAAC,GAAG,CAAC,CAAC;IACnD,CAAC;IAEM,UAAU,CAAC,EAAU,EAAE,OAAe,EAAE,IAAwB;QACtE,OAAO,IAAI,OAAO,CAAC,CAAC,OAAO,EAAE,MAAM,EAAE,EAAE;YACtC,IAAI,IAAc,CAAC;YACnB,IAAI,SAAS,GAAG,CAAC,CAAC;YAElB,IAAI,SAAS,GAAY;gBACxB,EAAE,EAAE,EAAE;gBACN,IAAI,EAAE,mCAAkB,CAAC,QAAQ;gBACjC,OAAO,EAAE,CAAC;gBACV,YAAY,EAAE,EAAE;aAChB,CAAC;YAEF,IAAA,0CAAc,EAAC,EAAE,EAAE,IAAI,EAAE,IAAI,CAAC,GAAG,CAAC;iBAChC,IAAI,CAAC,CAAC,IAAI,EAAE,EAAE;gBACd,IAAI,IAAI,KAAK,UAAU,EAAC;oBACvB,OAAO,IAAA,+CAAmB,EAAC,OAAO,EAAE,SAAS,CAAC,YAAY,CAAC,CAAC;iBAC5D;qBAAM;oBACN,SAAS,CAAC,IAAI,GAAG,mCAAkB,CAAC,KAAK,CAAC;oBAC1C,OAAO,IAAA,kCAAgB,EAAC,OAAO,EAAE,SAAS,CAAC,YAAY,CAAC,CAAC;iBACzD;YACF,CAAC,CAAC;iBACD,IAAI,CAAC,CAAC,MAAM,EAAE,EAAE;gBAChB,SAAS,CAAC,OAAO,GAAG,MAAM,CAAC;gBAC3B,IAAI,CAAC,GAAG,CAAC,GAAG,CAAC,EAAE,EAAE,SAAS,CAAC,CAAC;gBAE5B,IAAI,GAAG,CAAC,GAAG,IAAI,CAAC,GAAG,CAAC,IAAI,EAAE,CAAC,CAAC;gBAI5B,OAAO,IAAA,8CAAkB,EAAC,SAAS,EAAE,IAAI,CAAC,CAAC;YAC5C,CAAC,CAAC;iBACD,IAAI,CAAC,CAAC,SAAS,EAAE,EAAE;gBACnB,OAAO,OAAO,CAAC,SAAS,CAAC,CAAC;YAC3B,CAAC,CAAC;iBACD,KAAK,CAAC,CAAC,GAAG,EAAE,EAAE;gBACd,OAAO,MAAM,CAAC,IAAI,6BAAY,CAAC,GAAG,CAAC,CAAC,CAAC;YACtC,CAAC,CAAC,CAAC;QACL,CAAC,CAAC,CAAC;IACJ,CAAC;IAEM,aAAa,CAAC,EAAU;QAC9B,OAAO,IAAI,OAAO,CAAC,CAAC,OAAO,EAAE,MAAM,EAAE,EAAE;YACtC,IAAI,EAAE,CAAC,QAAQ,CAAC,GAAG,CAAC,EAAE;gBACrB,OAAO,MAAM,CAAC,IAAI,6BAAY,CAAC,4BAA4B,CAAC,CAAC,CAAC;aAC9D;YAED,IAAI,EAAE,CAAC,OAAO,CAAC,MAAM,EAAE,EAAE,CAAC,CAAC,MAAM,KAAK,CAAC,EAAE;gBACxC,OAAO,MAAM,CAAC,IAAI,6BAAY,CAAC,iCAAiC,CAAC,CAAC,CAAC;aACnE;YAED,IAAI,CAAC,IAAI,CAAC,GAAG,CAAC,GAAG,CAAC,EAAE,CAAC,EAAE;gBACtB,OAAO,CAAC,GAAG,CAAC,IAAI,CAAC,GAAG,CAAC,GAAG,CAAC,EAAE,CAAC,CAAC,CAAC;gBAC9B,OAAO,MAAM,CAAC,IAAI,8BAAa,CAAC,uBAAuB,CAAC,CAAC,CAAC;aAC1D;YAED,IAAI,CAAC,GAAG,CAAC,MAAM,CAAC,EAAE,CAAC,CAAC;YAEpB,IAAA,wDAA4B,EAAC,aAAa,CAAC,UAAU,EAAE,EAAE,CAAC;iBACxD,IAAI,CAAC,GAAG,EAAE;gBACV,OAAO,OAAO,CAAC,EAAE,CAAC,CAAC;YACpB,CAAC,CAAC;iBACD,KAAK,CAAC,GAAG,EAAE;gBACX,OAAO,MAAM,CAAC,IAAI,6BAAY,CAAC,0BAA0B,CAAC,CAAC,CAAC;YAC7D,CAAC,CAAC,CAAC;QACL,CAAC,CAAC,CAAC;IACJ,CAAC;IAEM,YAAY,CAAC,KAAc;QACjC,OAAO,IAAI,OAAO,CAAC,CAAC,OAAO,EAAE,MAAM,EAAE,EAAE;YAGtC,IAAI,OAAO,KAAK,KAAK,QAAQ,EAAE;gBAC9B,OAAO,MAAM,CAAC,IAAI,6BAAY,CAAC,yBAAyB,CAAC,CAAC,CAAC;aAC3D;iBAAM,IAAI,KAAK,KAAK,IAAI,IAAI,KAAK,KAAK,SAAS,EAAE;gBACjD,OAAO,MAAM,CAAC,IAAI,6BAAY,CAAC,4BAA4B,CAAC,CAAC,CAAC;aAC9D;iBAAM;gBACN,IAAI,SAAS,GAAG,IAAI,CAAC,YAAY,CAAC,KAAK,CAAC,CAAC;gBACzC,IAAI,cAAc,GAAG,IAAI,CAAC,GAAG,CAAC,GAAG,CAAC,SAAS,CAAC,CAAC;gBAE7C,IAAI,cAAc,KAAK,SAAS,EAAE;oBACjC,OAAO,MAAM,CAAC,IAAI,6BAAY,CAAC,oDAAoD,CAAC,CAAC,CAAC;iBACtF;qBAAM;oBAEN,IAAI;wBACH,IAAI,SAAS,GAAG,IAAI,+BAAc,EAAE,CAAC;wBACrC,SAAS,CAAC,aAAa,CAAC,KAAK,EAAE,SAAS,EAAE,cAAc,CAAC,IAAI,CAAC,CAAC;qBAC/D;oBAAC,OAAO,GAAQ,EAAE;wBAClB,OAAO,MAAM,CAAC,IAAI,6BAAY,CAAC,GAAG,CAAC,CAAC,CAAC;qBACrC;oBAED,IAAI,SAAS,GAAG,KAAK,CAAC;oBAEtB,IAAI,MAAM,CAAC,SAAS,CAAC,cAAc,CAAC,IAAI,CAAC,KAAK,EAAE,OAAO,CAAC;wBACvD,MAAM,CAAC,SAAS,CAAC,cAAc,CAAC,IAAI,CAAC,KAAK,EAAE,SAAS,CAAC,EACrD;wBACD,IAAI,WAAW,GAAG,IAAI,+BAAc,EAAE,CAAC;wBAGvC,WAAW,CAAC,aAAa,CAAC,SAAS,CAAC,SAAmC,CAAC,CAAC,CAAC;wBAG1E,WAAW,CAAC,qBAAqB,CAAC,SAAS,CAAC,iBAA2C,CAAC,CAAC,CAAC;wBAG1F,IAAI,OAAO,GAAoB,EAAE,CAAC;wBAClC,IAAI;4BACH,OAAO,GAAG,WAAW,CAAC,WAAW,CAAC,SAAS,CAAC,OAAiC,CAAC,EAAE,SAAS,EACxF,cAAc,CAAC,CAAC;yBACjB;wBAAC,OAAO,KAAK,EAAE;4BACf,OAAO,MAAM,CAAC,KAAK,CAAC,CAAC;yBACrB;wBAGD,OAAO,GAAG,WAAW,CAAC,UAAU,CAAC,OAAO,CAAC,CAAC;wBAC1C,OAAO,OAAO,CAAC,OAAO,CAAC,CAAC;qBACxB;oBACD,OAAO,MAAM,CAAC,IAAI,6BAAY,CAAC,oCAAoC,CAAC,CAAC,CAAC;iBACtE;aACD;YACD,OAAO,MAAM,CAAE,IAAI,6BAAY,CAAC,QAAQ,CAAC,CAAC,CAAC;QAC5C,CAAC,CAAC,CAAC;IACJ,CAAC;IAEM,YAAY;QAClB,OAAO,IAAI,OAAO,CAAC,CAAC,OAAO,EAAE,MAAM,EAAE,EAAE;YACtC,IAAI,KAAK,GAAqB,EAAE,CAAC;YAEjC,IAAI,CAAC,GAAG,CAAC,OAAO,CAAC,UAAU,KAAK,EAAE,GAAG;gBACpC,IAAI,KAAK,GAAmB;oBAC3B,EAAE,EAAE,GAAG;oBACP,IAAI,EAAE,mCAAkB,CAAC,QAAQ;oBACjC,OAAO,EAAE,CAAC;iBACV,CAAC;gBACF,KAAK,CAAC,EAAE,GAAG,GAAG,CAAC;gBACf,KAAK,CAAC,IAAI,GAAG,KAAK,CAAC,IAAI,CAAC;gBACxB,KAAK,CAAC,OAAO,GAAG,KAAK,CAAC,OAAO,CAAC;gBAC9B,KAAK,CAAC,IAAI,CAAC,KAAK,CAAC,CAAC;YACnB,CAAC,CAAC,CAAC;YACH,OAAO,OAAO,CAAC,KAAK,CAAC,CAAC;QACvB,CAAC,CAAC,CAAC;IACJ,CAAC;IAMM,YAAY,CAAC,KAAa;QAChC,MAAM,WAAW,GAAG,IAAI,CAAC,SAAS,CAAC,KAAK,CAAC,CAAC;QAC1C,MAAM,eAAe,GAAG,WAAW,CAAC,OAAO,CAAC,GAAG,CAAC,CAAC;QACjD,MAAM,cAAc,GAAG,WAAW,CAAC,WAAW,CAAC,GAAG,EAAE,eAAe,CAAC,GAAG,CAAC,CAAC;QACzE,IAAI,MAAc,CAAC;QACnB,MAAM,GAAG,WAAW,CAAC,SAAS,CAAC,cAAc,EAAE,eAAe,CAAC,CAAC;QAChE,OAAO,MAAM,CAAC;IACf,CAAC;IAEM,QAAQ,CAAC,WAAyB,EAAE,IAAY;QACtD,IAAI,KAAK,GAAW,CAAC,CAAC,CAAC;QACvB,KAAK,IAAI,CAAC,GAAG,CAAC,EAAE,CAAC,GAAG,WAAW,CAAC,MAAM,EAAE,CAAC,EAAE,EAAE;YAC5C,IAAI,WAAW,CAAC,CAAC,CAAC,CAAC,CAAC,CAAC,KAAK,IAAI,EAAE;gBAC/B,KAAK,GAAG,CAAC,CAAC;aACV;SACD;QACD,OAAO,KAAK,CAAC;IACd,CAAC;;AA/KF,gCAgLC","sourcesContent":["import {\n\tDataset,\n\tIInsightFacade,\n\tInsightDataset,\n\tInsightDatasetKind,\n\tInsightError,\n\tInsightResult,\n\tNotFoundError,\n} from \"./IInsightFacade\";\n\nimport {QueryContainer} from \"../model/QueryContainer\";\n\nimport {\n\taddToPersistFolder,\n\tcheckIdAndKind,\n\tdeleteDatasetFromPersistence,\n\treadDirectory,\n\treadSectionsContent,\n} from \"./helperFunctionsAddDataset\";\n\nimport {QueryValidator} from \"./queryValidator\";\nimport {readRoomsContent} from \"./AddDatasetRooms\";\nimport {getContentFromArchives} from \"../../test/TestUtil\";\n\n\n/**\n * This is the main programmatic entry point for the project.\n * Method documentation is in IInsightFacade\n *\n */\nexport default class InsightFacade implements IInsightFacade {\n\tpublic map: Map<string, Dataset> = new Map<string, Dataset>();\n\n\tpublic static persistDir = \"./data\";\n\tpublic static persistFile = \"./data/persistFile.json\";\n\n\tconstructor() {\n\t\t// InsightFacade.map = new Map<string, Dataset>();\n\t\tconsole.log(\"InsightFacadeImpl::init()\");\n\t\treadDirectory(InsightFacade.persistDir, this.map);\n\t}\n\n\tpublic addDataset(id: string, content: string, kind: InsightDatasetKind): Promise<string[]> {\n\t\treturn new Promise((resolve, reject) => {\n\t\t\tlet keys: string[];\n\t\t\tlet throwFlag = 0;\n\n\t\t\tlet myDataset: Dataset = {\n\t\t\t\tid: id,\n\t\t\t\tkind: InsightDatasetKind.Sections,\n\t\t\t\tnumRows: 0,\n\t\t\t\tdatasetArray: [],\n\t\t\t};\n\n\t\t\tcheckIdAndKind(id, kind, this.map)\n\t\t\t\t.then((type) => {\n\t\t\t\t\tif (type === \"sections\"){\n\t\t\t\t\t\treturn readSectionsContent(content, myDataset.datasetArray);\n\t\t\t\t\t} else {\n\t\t\t\t\t\tmyDataset.kind = InsightDatasetKind.Rooms;\n\t\t\t\t\t\treturn readRoomsContent(content, myDataset.datasetArray);\n\t\t\t\t\t}\n\t\t\t\t})\n\t\t\t\t.then((length) => {\n\t\t\t\t\tmyDataset.numRows = length;\n\t\t\t\t\tthis.map.set(id, myDataset);\n\t\t\t\t\t// ref: https://linuxhint.com/convert-map-keys-to-array-javascript/\n\t\t\t\t\tkeys = [...this.map.keys()];\n\t\t\t\t\t// resolve(keys);\n\t\t\t\t\t// Step 5): diskWrite: write this object to data folder for persistence.\n\t\t\t\t\t// console.log(myDataset);\n\t\t\t\t\treturn addToPersistFolder(myDataset, keys);\n\t\t\t\t})\n\t\t\t\t.then((keysParam) => {\n\t\t\t\t\treturn resolve(keysParam);\n\t\t\t\t})\n\t\t\t\t.catch((err) => {\n\t\t\t\t\treturn reject(new InsightError(err));\n\t\t\t\t});\n\t\t});\n\t}\n\n\tpublic removeDataset(id: string): Promise<string> {\n\t\treturn new Promise((resolve, reject) => {\n\t\t\tif (id.includes(\"_\")) {\n\t\t\t\treturn reject(new InsightError(\"_ character is not allowed\"));\n\t\t\t}\n\t\t\t// Removing whitespace reference: https://stackoverflow.com/questions/10800355/remove-whitespaces-inside-a-string-in-javascript\n\t\t\tif (id.replace(/\\s+/g, \"\").length === 0) {\n\t\t\t\treturn reject(new InsightError(\"ID cannot have only whitespaces\"));\n\t\t\t}\n\n\t\t\tif (!this.map.has(id)) {\n\t\t\t\tconsole.log(this.map.has(id));\n\t\t\t\treturn reject(new NotFoundError(\"Dataset doesn't exist\"));\n\t\t\t}\n\n\t\t\tthis.map.delete(id);\n\n\t\t\tdeleteDatasetFromPersistence(InsightFacade.persistDir, id)\n\t\t\t\t.then(() => {\n\t\t\t\t\treturn resolve(id);\n\t\t\t\t})\n\t\t\t\t.catch(() => {\n\t\t\t\t\treturn reject(new InsightError(\"could not delete dataset\"));\n\t\t\t\t});\n\t\t});\n\t}\n\n\tpublic performQuery(query: unknown): Promise<InsightResult[]> {\n\t\treturn new Promise((resolve, reject) => {\n\t\t\t// Step 1) check if the query is a JSON object\n\t\t\t// console.log(\"Does this query NOT violate LT/EQ/GT rules?: Answer: \" + g);\n\t\t\tif (typeof query !== \"object\") {\n\t\t\t\treturn reject(new InsightError(\"Not a valid JSON object\"));\n\t\t\t} else if (query === null || query === undefined) {\n\t\t\t\treturn reject(new InsightError(\"query is null or undefined\"));\n\t\t\t} else {\n\t\t\t\tlet datasetID = this.getDatasetID(query);\n\t\t\t\tlet datasetToQuery = this.map.get(datasetID);\n\n\t\t\t\tif (datasetToQuery === undefined) {\n\t\t\t\t\treturn reject(new InsightError(\"the dataset you are looking for has not been added\"));\n\t\t\t\t} else {\n\n\t\t\t\t\ttry {\n\t\t\t\t\t\tlet validator = new QueryValidator();\n\t\t\t\t\t\tvalidator.validateQuery(query, datasetID, datasetToQuery.kind);\n\t\t\t\t\t} catch (err: any) {\n\t\t\t\t\t\treturn reject(new InsightError(err));\n\t\t\t\t\t}\n\n\t\t\t\t\tlet queryJSON = query;\n\t\t\t\t\t// check that query object has BOTH OPTIONS and WHERE\n\t\t\t\t\tif (Object.prototype.hasOwnProperty.call(query, \"WHERE\") &&\n\t\t\t\t\t\tObject.prototype.hasOwnProperty.call(query, \"OPTIONS\")\n\t\t\t\t\t) {\n\t\t\t\t\t\tlet queryObject = new QueryContainer();\n\n\t\t\t\t\t\t// handleOptions\n\t\t\t\t\t\tqueryObject.handleOptions(queryJSON[\"OPTIONS\" as keyof typeof queryJSON]);\n\n\t\t\t\t\t\t// handleTransformations\n\t\t\t\t\t\tqueryObject.handleTransformations(queryJSON[\"TRANSFORMATIONS\" as keyof typeof queryJSON]);\n\n\t\t\t\t\t\t// handleWhere\n\t\t\t\t\t\tlet results: InsightResult[] = [];\n\t\t\t\t\t\ttry {\n\t\t\t\t\t\t\tresults = queryObject.handleWhere(queryJSON[\"WHERE\" as keyof typeof queryJSON], datasetID,\n\t\t\t\t\t\t\t\tdatasetToQuery);\n\t\t\t\t\t\t} catch (error) {\n\t\t\t\t\t\t\treturn reject(error);\n\t\t\t\t\t\t}\n\n\t\t\t\t\t\t// handleSort\n\t\t\t\t\t\tresults = queryObject.handleSort(results);\n\t\t\t\t\t\treturn resolve(results);\n\t\t\t\t\t}\n\t\t\t\t\treturn reject(new InsightError(\"query missing WHERE/OPTIONS blocks\"));\n\t\t\t\t}\n\t\t\t}\n\t\t\treturn reject (new InsightError(\"reject\"));\n\t\t});\n\t}\n\n\tpublic listDatasets(): Promise<InsightDataset[]> {\n\t\treturn new Promise((resolve, reject) => {\n\t\t\tlet array: InsightDataset[] = [];\n\t\t\t// ref: https://www.hackinbits.com/articles/js/how-to-iterate-a-map-in-javascript---map-part-2\n\t\t\tthis.map.forEach(function (value, key) {\n\t\t\t\tlet thing: InsightDataset = {\n\t\t\t\t\tid: \"a\",\n\t\t\t\t\tkind: InsightDatasetKind.Sections,\n\t\t\t\t\tnumRows: 0,\n\t\t\t\t};\n\t\t\t\tthing.id = key;\n\t\t\t\tthing.kind = value.kind;\n\t\t\t\tthing.numRows = value.numRows;\n\t\t\t\tarray.push(thing);\n\t\t\t});\n\t\t\treturn resolve(array);\n\t\t});\n\t}\n\n\t// ------------------  HELPER FUNCTIONS ------------------\n\n\n\t// finds the first dataset ID from a query\n\tpublic getDatasetID(query: object): string {\n\t\tconst queryString = JSON.stringify(query);\n\t\tconst indexUnderscore = queryString.indexOf(\"_\");\n\t\tconst indexStartOfID = queryString.lastIndexOf('\"', indexUnderscore) + 1;\n\t\tlet result: string;\n\t\tresult = queryString.substring(indexStartOfID, indexUnderscore);\n\t\treturn result;\n\t}\n\n\tpublic getIndex(queryParsed: string | any, item: string): number {\n\t\tlet index: number = -1;\n\t\tfor (let x = 0; x < queryParsed.length; x++) {\n\t\t\tif (queryParsed[x][0] === item) {\n\t\t\t\tindex = x;\n\t\t\t}\n\t\t}\n\t\treturn index;\n\t}\n}\n\n\n// let rooms: string;\n// rooms = getContentFromArchives(\"campus.zip\");\n// // let roomsBroken = getContentFromArchives(\"campus9buildings.zip\");\n// // let dataset: JSON[] = [];\n// //\n// let facade = new InsightFacade();\n// facade.addDataset(\"rooms\",rooms,InsightDatasetKind.Rooms).then(() => {\n// \tconsole.log(\"yes\");\n// });\n"]},"_coverageSchema":"1a1c01bbd47fc00a2c39e90264f33305004495a9","hash":"949536766de05d8e5613e467d01e2f85c9cdc453","contentHash":"55dadcb4f1aeb031ef51afcbf3b27e67f400becd310ecc66512d008317d0943d"},"/Users/syedwaqarahmed/Documents/UBC/Term_7_current/CPSC_310/Project/project_team043/src/model/QueryContainer.ts":{"path":"/Users/syedwaqarahmed/Documents/UBC/Term_7_current/CPSC_310/Project/project_team043/src/model/QueryContainer.ts","statementMap":{"0":{"start":{"line":2,"column":22},"end":{"line":4,"column":1}},"1":{"start":{"line":3,"column":4},"end":{"line":3,"column":62}},"2":{"start":{"line":5,"column":0},"end":{"line":5,"column":62}},"3":{"start":{"line":6,"column":0},"end":{"line":6,"column":32}},"4":{"start":{"line":7,"column":25},"end":{"line":7,"column":64}},"5":{"start":{"line":8,"column":40},"end":{"line":8,"column":82}},"6":{"start":{"line":9,"column":21},"end":{"line":9,"column":59}},"7":{"start":{"line":18,"column":8},"end":{"line":18,"column":34}},"8":{"start":{"line":19,"column":8},"end":{"line":19,"column":24}},"9":{"start":{"line":20,"column":8},"end":{"line":20,"column":29}},"10":{"start":{"line":21,"column":8},"end":{"line":21,"column":26}},"11":{"start":{"line":22,"column":8},"end":{"line":22,"column":24}},"12":{"start":{"line":23,"column":8},"end":{"line":23,"column":21}},"13":{"start":{"line":26,"column":26},"end":{"line":26,"column":28}},"14":{"start":{"line":27,"column":23},"end":{"line":27,"column":43}},"15":{"start":{"line":28,"column":8},"end":{"line":48,"column":9}},"16":{"start":{"line":29,"column":12},"end":{"line":35,"column":13}},"17":{"start":{"line":30,"column":32},"end":{"line":30,"column":45}},"18":{"start":{"line":31,"column":16},"end":{"line":34,"column":17}},"19":{"start":{"line":32,"column":42},"end":{"line":32,"column":144}},"20":{"start":{"line":33,"column":20},"end":{"line":33,"column":54}},"21":{"start":{"line":38,"column":28},"end":{"line":38,"column":30}},"22":{"start":{"line":39,"column":12},"end":{"line":45,"column":13}},"23":{"start":{"line":40,"column":32},"end":{"line":40,"column":45}},"24":{"start":{"line":41,"column":16},"end":{"line":44,"column":17}},"25":{"start":{"line":42,"column":42},"end":{"line":42,"column":144}},"26":{"start":{"line":43,"column":20},"end":{"line":43,"column":52}},"27":{"start":{"line":46,"column":12},"end":{"line":46,"column":92}},"28":{"start":{"line":47,"column":12},"end":{"line":47,"column":72}},"29":{"start":{"line":49,"column":8},"end":{"line":51,"column":9}},"30":{"start":{"line":50,"column":12},"end":{"line":50,"column":80}},"31":{"start":{"line":52,"column":8},"end":{"line":52,"column":27}},"32":{"start":{"line":55,"column":21},"end":{"line":55,"column":23}},"33":{"start":{"line":56,"column":25},"end":{"line":56,"column":27}},"34":{"start":{"line":57,"column":23},"end":{"line":57,"column":35}},"35":{"start":{"line":58,"column":8},"end":{"line":58,"column":34}},"36":{"start":{"line":59,"column":28},"end":{"line":59,"column":30}},"37":{"start":{"line":60,"column":8},"end":{"line":62,"column":9}},"38":{"start":{"line":61,"column":12},"end":{"line":61,"column":59}},"39":{"start":{"line":63,"column":20},"end":{"line":63,"column":21}},"40":{"start":{"line":64,"column":8},"end":{"line":83,"column":9}},"41":{"start":{"line":65,"column":26},"end":{"line":65,"column":42}},"42":{"start":{"line":66,"column":32},"end":{"line":66,"column":34}},"43":{"start":{"line":67,"column":12},"end":{"line":69,"column":13}},"44":{"start":{"line":68,"column":16},"end":{"line":68,"column":62}},"45":{"start":{"line":70,"column":24},"end":{"line":70,"column":81}},"46":{"start":{"line":70,"column":56},"end":{"line":70,"column":80}},"47":{"start":{"line":71,"column":12},"end":{"line":82,"column":13}},"48":{"start":{"line":72,"column":16},"end":{"line":72,"column":41}},"49":{"start":{"line":73,"column":16},"end":{"line":73,"column":24}},"50":{"start":{"line":76,"column":38},"end":{"line":76,"column":102}},"51":{"start":{"line":77,"column":16},"end":{"line":77,"column":45}},"52":{"start":{"line":78,"column":16},"end":{"line":78,"column":46}},"53":{"start":{"line":79,"column":16},"end":{"line":79,"column":32}},"54":{"start":{"line":80,"column":16},"end":{"line":80,"column":50}},"55":{"start":{"line":81,"column":16},"end":{"line":81,"column":24}},"56":{"start":{"line":84,"column":30},"end":{"line":84,"column":112}},"57":{"start":{"line":85,"column":8},"end":{"line":85,"column":37}},"58":{"start":{"line":86,"column":8},"end":{"line":86,"column":22}},"59":{"start":{"line":89,"column":30},"end":{"line":89,"column":32}},"60":{"start":{"line":90,"column":8},"end":{"line":103,"column":9}},"61":{"start":{"line":91,"column":22},"end":{"line":91,"column":39}},"62":{"start":{"line":93,"column":12},"end":{"line":101,"column":13}},"63":{"start":{"line":94,"column":16},"end":{"line":94,"column":34}},"64":{"start":{"line":97,"column":27},"end":{"line":97,"column":47}},"65":{"start":{"line":98,"column":28},"end":{"line":98,"column":48}},"66":{"start":{"line":99,"column":28},"end":{"line":99,"column":39}},"67":{"start":{"line":100,"column":16},"end":{"line":100,"column":61}},"68":{"start":{"line":102,"column":12},"end":{"line":102,"column":39}},"69":{"start":{"line":104,"column":8},"end":{"line":104,"column":31}},"70":{"start":{"line":107,"column":21},"end":{"line":107,"column":22}},"71":{"start":{"line":108,"column":8},"end":{"line":146,"column":9}},"72":{"start":{"line":109,"column":12},"end":{"line":113,"column":13}},"73":{"start":{"line":110,"column":16},"end":{"line":112,"column":17}},"74":{"start":{"line":111,"column":20},"end":{"line":111,"column":47}},"75":{"start":{"line":115,"column":13},"end":{"line":146,"column":9}},"76":{"start":{"line":116,"column":12},"end":{"line":116,"column":30}},"77":{"start":{"line":117,"column":12},"end":{"line":121,"column":13}},"78":{"start":{"line":118,"column":16},"end":{"line":120,"column":17}},"79":{"start":{"line":119,"column":20},"end":{"line":119,"column":47}},"80":{"start":{"line":123,"column":13},"end":{"line":146,"column":9}},"81":{"start":{"line":124,"column":24},"end":{"line":124,"column":51}},"82":{"start":{"line":125,"column":24},"end":{"line":125,"column":25}},"83":{"start":{"line":126,"column":12},"end":{"line":130,"column":13}},"84":{"start":{"line":127,"column":26},"end":{"line":127,"column":69}},"85":{"start":{"line":128,"column":16},"end":{"line":128,"column":61}},"86":{"start":{"line":129,"column":16},"end":{"line":129,"column":24}},"87":{"start":{"line":131,"column":22},"end":{"line":131,"column":46}},"88":{"start":{"line":132,"column":12},"end":{"line":132,"column":44}},"89":{"start":{"line":134,"column":13},"end":{"line":146,"column":9}},"90":{"start":{"line":135,"column":12},"end":{"line":137,"column":13}},"91":{"start":{"line":136,"column":16},"end":{"line":136,"column":44}},"92":{"start":{"line":138,"column":12},"end":{"line":138,"column":47}},"93":{"start":{"line":141,"column":27},"end":{"line":141,"column":29}},"94":{"start":{"line":142,"column":12},"end":{"line":144,"column":13}},"95":{"start":{"line":143,"column":16},"end":{"line":143,"column":49}},"96":{"start":{"line":145,"column":12},"end":{"line":145,"column":44}},"97":{"start":{"line":147,"column":8},"end":{"line":147,"column":22}},"98":{"start":{"line":150,"column":21},"end":{"line":150,"column":26}},"99":{"start":{"line":151,"column":8},"end":{"line":189,"column":9}},"100":{"start":{"line":152,"column":12},"end":{"line":184,"column":13}},"101":{"start":{"line":153,"column":16},"end":{"line":183,"column":17}},"102":{"start":{"line":154,"column":36},"end":{"line":154,"column":54}},"103":{"start":{"line":155,"column":37},"end":{"line":155,"column":85}},"104":{"start":{"line":156,"column":20},"end":{"line":161,"column":21}},"105":{"start":{"line":156,"column":36},"end":{"line":156,"column":37}},"106":{"start":{"line":157,"column":39},"end":{"line":157,"column":60}},"107":{"start":{"line":158,"column":24},"end":{"line":160,"column":25}},"108":{"start":{"line":159,"column":28},"end":{"line":159,"column":89}},"109":{"start":{"line":162,"column":20},"end":{"line":162,"column":40}},"110":{"start":{"line":164,"column":21},"end":{"line":183,"column":17}},"111":{"start":{"line":165,"column":36},"end":{"line":165,"column":54}},"112":{"start":{"line":166,"column":37},"end":{"line":166,"column":85}},"113":{"start":{"line":167,"column":20},"end":{"line":172,"column":21}},"114":{"start":{"line":167,"column":36},"end":{"line":167,"column":37}},"115":{"start":{"line":168,"column":39},"end":{"line":168,"column":60}},"116":{"start":{"line":169,"column":24},"end":{"line":171,"column":25}},"117":{"start":{"line":170,"column":28},"end":{"line":170,"column":89}},"118":{"start":{"line":173,"column":20},"end":{"line":173,"column":40}},"119":{"start":{"line":175,"column":21},"end":{"line":183,"column":17}},"120":{"start":{"line":176,"column":20},"end":{"line":176,"column":83}},"121":{"start":{"line":179,"column":30},"end":{"line":179,"column":61}},"122":{"start":{"line":180,"column":32},"end":{"line":180,"column":65}},"123":{"start":{"line":181,"column":37},"end":{"line":181,"column":167}},"124":{"start":{"line":182,"column":20},"end":{"line":182,"column":93}},"125":{"start":{"line":185,"column":12},"end":{"line":185,"column":26}},"126":{"start":{"line":188,"column":12},"end":{"line":188,"column":24}},"127":{"start":{"line":192,"column":27},"end":{"line":192,"column":46}},"128":{"start":{"line":193,"column":8},"end":{"line":195,"column":9}},"129":{"start":{"line":194,"column":12},"end":{"line":194,"column":51}},"130":{"start":{"line":196,"column":8},"end":{"line":203,"column":9}},"131":{"start":{"line":197,"column":12},"end":{"line":202,"column":13}},"132":{"start":{"line":198,"column":16},"end":{"line":198,"column":36}},"133":{"start":{"line":201,"column":16},"end":{"line":201,"column":52}},"134":{"start":{"line":204,"column":8},"end":{"line":206,"column":9}},"135":{"start":{"line":205,"column":12},"end":{"line":205,"column":48}},"136":{"start":{"line":207,"column":8},"end":{"line":223,"column":9}},"137":{"start":{"line":208,"column":12},"end":{"line":208,"column":42}},"138":{"start":{"line":210,"column":13},"end":{"line":223,"column":9}},"139":{"start":{"line":211,"column":12},"end":{"line":211,"column":40}},"140":{"start":{"line":213,"column":13},"end":{"line":223,"column":9}},"141":{"start":{"line":214,"column":12},"end":{"line":214,"column":40}},"142":{"start":{"line":217,"column":12},"end":{"line":222,"column":13}},"143":{"start":{"line":218,"column":16},"end":{"line":218,"column":97}},"144":{"start":{"line":221,"column":16},"end":{"line":221,"column":46}},"145":{"start":{"line":226,"column":8},"end":{"line":234,"column":9}},"146":{"start":{"line":227,"column":12},"end":{"line":233,"column":13}},"147":{"start":{"line":228,"column":16},"end":{"line":228,"column":45}},"148":{"start":{"line":231,"column":16},"end":{"line":231,"column":46}},"149":{"start":{"line":232,"column":16},"end":{"line":232,"column":63}},"150":{"start":{"line":235,"column":8},"end":{"line":235,"column":37}},"151":{"start":{"line":238,"column":8},"end":{"line":243,"column":9}},"152":{"start":{"line":239,"column":12},"end":{"line":241,"column":13}},"153":{"start":{"line":240,"column":16},"end":{"line":240,"column":188}},"154":{"start":{"line":242,"column":12},"end":{"line":242,"column":19}},"155":{"start":{"line":244,"column":8},"end":{"line":244,"column":33}},"156":{"start":{"line":245,"column":8},"end":{"line":247,"column":9}},"157":{"start":{"line":246,"column":12},"end":{"line":246,"column":182}},"158":{"start":{"line":248,"column":24},"end":{"line":248,"column":35}},"159":{"start":{"line":249,"column":8},"end":{"line":256,"column":9}},"160":{"start":{"line":250,"column":28},"end":{"line":250,"column":42}},"161":{"start":{"line":251,"column":27},"end":{"line":251,"column":52}},"162":{"start":{"line":252,"column":30},"end":{"line":252,"column":49}},"163":{"start":{"line":253,"column":12},"end":{"line":253,"column":52}},"164":{"start":{"line":254,"column":24},"end":{"line":254,"column":51}},"165":{"start":{"line":255,"column":12},"end":{"line":255,"column":113}},"166":{"start":{"line":257,"column":8},"end":{"line":259,"column":9}},"167":{"start":{"line":258,"column":12},"end":{"line":258,"column":138}},"168":{"start":{"line":262,"column":8},"end":{"line":262,"column":86}},"169":{"start":{"line":265,"column":0},"end":{"line":265,"column":40}}},"fnMap":{"0":{"name":"(anonymous_0)","decl":{"start":{"line":2,"column":56},"end":{"line":2,"column":57}},"loc":{"start":{"line":2,"column":71},"end":{"line":4,"column":1}},"line":2},"1":{"name":"(anonymous_1)","decl":{"start":{"line":17,"column":4},"end":{"line":17,"column":5}},"loc":{"start":{"line":17,"column":18},"end":{"line":24,"column":5}},"line":17},"2":{"name":"(anonymous_2)","decl":{"start":{"line":25,"column":4},"end":{"line":25,"column":5}},"loc":{"start":{"line":25,"column":43},"end":{"line":53,"column":5}},"line":25},"3":{"name":"(anonymous_3)","decl":{"start":{"line":54,"column":4},"end":{"line":54,"column":5}},"loc":{"start":{"line":54,"column":45},"end":{"line":87,"column":5}},"line":54},"4":{"name":"(anonymous_4)","decl":{"start":{"line":70,"column":44},"end":{"line":70,"column":45}},"loc":{"start":{"line":70,"column":56},"end":{"line":70,"column":80}},"line":70},"5":{"name":"(anonymous_5)","decl":{"start":{"line":88,"column":4},"end":{"line":88,"column":5}},"loc":{"start":{"line":88,"column":52},"end":{"line":105,"column":5}},"line":88},"6":{"name":"(anonymous_6)","decl":{"start":{"line":106,"column":4},"end":{"line":106,"column":5}},"loc":{"start":{"line":106,"column":38},"end":{"line":148,"column":5}},"line":106},"7":{"name":"(anonymous_7)","decl":{"start":{"line":149,"column":4},"end":{"line":149,"column":5}},"loc":{"start":{"line":149,"column":44},"end":{"line":190,"column":5}},"line":149},"8":{"name":"(anonymous_8)","decl":{"start":{"line":191,"column":4},"end":{"line":191,"column":5}},"loc":{"start":{"line":191,"column":65},"end":{"line":224,"column":5}},"line":191},"9":{"name":"(anonymous_9)","decl":{"start":{"line":225,"column":4},"end":{"line":225,"column":5}},"loc":{"start":{"line":225,"column":25},"end":{"line":236,"column":5}},"line":225},"10":{"name":"(anonymous_10)","decl":{"start":{"line":237,"column":4},"end":{"line":237,"column":5}},"loc":{"start":{"line":237,"column":33},"end":{"line":260,"column":5}},"line":237},"11":{"name":"(anonymous_11)","decl":{"start":{"line":261,"column":4},"end":{"line":261,"column":5}},"loc":{"start":{"line":261,"column":22},"end":{"line":263,"column":5}},"line":261}},"branchMap":{"0":{"loc":{"start":{"line":2,"column":22},"end":{"line":4,"column":1}},"type":"binary-expr","locations":[{"start":{"line":2,"column":23},"end":{"line":2,"column":27}},{"start":{"line":2,"column":31},"end":{"line":2,"column":51}},{"start":{"line":2,"column":56},"end":{"line":4,"column":1}}],"line":2},"1":{"loc":{"start":{"line":3,"column":11},"end":{"line":3,"column":61}},"type":"cond-expr","locations":[{"start":{"line":3,"column":37},"end":{"line":3,"column":40}},{"start":{"line":3,"column":43},"end":{"line":3,"column":61}}],"line":3},"2":{"loc":{"start":{"line":3,"column":12},"end":{"line":3,"column":33}},"type":"binary-expr","locations":[{"start":{"line":3,"column":12},"end":{"line":3,"column":15}},{"start":{"line":3,"column":19},"end":{"line":3,"column":33}}],"line":3},"3":{"loc":{"start":{"line":28,"column":8},"end":{"line":48,"column":9}},"type":"if","locations":[{"start":{"line":28,"column":8},"end":{"line":48,"column":9}},{"start":{"line":28,"column":8},"end":{"line":48,"column":9}}],"line":28},"4":{"loc":{"start":{"line":31,"column":16},"end":{"line":34,"column":17}},"type":"if","locations":[{"start":{"line":31,"column":16},"end":{"line":34,"column":17}},{"start":{"line":31,"column":16},"end":{"line":34,"column":17}}],"line":31},"5":{"loc":{"start":{"line":41,"column":16},"end":{"line":44,"column":17}},"type":"if","locations":[{"start":{"line":41,"column":16},"end":{"line":44,"column":17}},{"start":{"line":41,"column":16},"end":{"line":44,"column":17}}],"line":41},"6":{"loc":{"start":{"line":49,"column":8},"end":{"line":51,"column":9}},"type":"if","locations":[{"start":{"line":49,"column":8},"end":{"line":51,"column":9}},{"start":{"line":49,"column":8},"end":{"line":51,"column":9}}],"line":49},"7":{"loc":{"start":{"line":71,"column":12},"end":{"line":82,"column":13}},"type":"if","locations":[{"start":{"line":71,"column":12},"end":{"line":82,"column":13}},{"start":{"line":71,"column":12},"end":{"line":82,"column":13}}],"line":71},"8":{"loc":{"start":{"line":93,"column":12},"end":{"line":101,"column":13}},"type":"if","locations":[{"start":{"line":93,"column":12},"end":{"line":101,"column":13}},{"start":{"line":93,"column":12},"end":{"line":101,"column":13}}],"line":93},"9":{"loc":{"start":{"line":108,"column":8},"end":{"line":146,"column":9}},"type":"if","locations":[{"start":{"line":108,"column":8},"end":{"line":146,"column":9}},{"start":{"line":108,"column":8},"end":{"line":146,"column":9}}],"line":108},"10":{"loc":{"start":{"line":110,"column":16},"end":{"line":112,"column":17}},"type":"if","locations":[{"start":{"line":110,"column":16},"end":{"line":112,"column":17}},{"start":{"line":110,"column":16},"end":{"line":112,"column":17}}],"line":110},"11":{"loc":{"start":{"line":115,"column":13},"end":{"line":146,"column":9}},"type":"if","locations":[{"start":{"line":115,"column":13},"end":{"line":146,"column":9}},{"start":{"line":115,"column":13},"end":{"line":146,"column":9}}],"line":115},"12":{"loc":{"start":{"line":118,"column":16},"end":{"line":120,"column":17}},"type":"if","locations":[{"start":{"line":118,"column":16},"end":{"line":120,"column":17}},{"start":{"line":118,"column":16},"end":{"line":120,"column":17}}],"line":118},"13":{"loc":{"start":{"line":123,"column":13},"end":{"line":146,"column":9}},"type":"if","locations":[{"start":{"line":123,"column":13},"end":{"line":146,"column":9}},{"start":{"line":123,"column":13},"end":{"line":146,"column":9}}],"line":123},"14":{"loc":{"start":{"line":134,"column":13},"end":{"line":146,"column":9}},"type":"if","locations":[{"start":{"line":134,"column":13},"end":{"line":146,"column":9}},{"start":{"line":134,"column":13},"end":{"line":146,"column":9}}],"line":134},"15":{"loc":{"start":{"line":151,"column":8},"end":{"line":189,"column":9}},"type":"if","locations":[{"start":{"line":151,"column":8},"end":{"line":189,"column":9}},{"start":{"line":151,"column":8},"end":{"line":189,"column":9}}],"line":151},"16":{"loc":{"start":{"line":153,"column":16},"end":{"line":183,"column":17}},"type":"if","locations":[{"start":{"line":153,"column":16},"end":{"line":183,"column":17}},{"start":{"line":153,"column":16},"end":{"line":183,"column":17}}],"line":153},"17":{"loc":{"start":{"line":158,"column":24},"end":{"line":160,"column":25}},"type":"if","locations":[{"start":{"line":158,"column":24},"end":{"line":160,"column":25}},{"start":{"line":158,"column":24},"end":{"line":160,"column":25}}],"line":158},"18":{"loc":{"start":{"line":164,"column":21},"end":{"line":183,"column":17}},"type":"if","locations":[{"start":{"line":164,"column":21},"end":{"line":183,"column":17}},{"start":{"line":164,"column":21},"end":{"line":183,"column":17}}],"line":164},"19":{"loc":{"start":{"line":169,"column":24},"end":{"line":171,"column":25}},"type":"if","locations":[{"start":{"line":169,"column":24},"end":{"line":171,"column":25}},{"start":{"line":169,"column":24},"end":{"line":171,"column":25}}],"line":169},"20":{"loc":{"start":{"line":175,"column":21},"end":{"line":183,"column":17}},"type":"if","locations":[{"start":{"line":175,"column":21},"end":{"line":183,"column":17}},{"start":{"line":175,"column":21},"end":{"line":183,"column":17}}],"line":175},"21":{"loc":{"start":{"line":193,"column":8},"end":{"line":195,"column":9}},"type":"if","locations":[{"start":{"line":193,"column":8},"end":{"line":195,"column":9}},{"start":{"line":193,"column":8},"end":{"line":195,"column":9}}],"line":193},"22":{"loc":{"start":{"line":196,"column":8},"end":{"line":203,"column":9}},"type":"if","locations":[{"start":{"line":196,"column":8},"end":{"line":203,"column":9}},{"start":{"line":196,"column":8},"end":{"line":203,"column":9}}],"line":196},"23":{"loc":{"start":{"line":197,"column":12},"end":{"line":202,"column":13}},"type":"if","locations":[{"start":{"line":197,"column":12},"end":{"line":202,"column":13}},{"start":{"line":197,"column":12},"end":{"line":202,"column":13}}],"line":197},"24":{"loc":{"start":{"line":204,"column":8},"end":{"line":206,"column":9}},"type":"if","locations":[{"start":{"line":204,"column":8},"end":{"line":206,"column":9}},{"start":{"line":204,"column":8},"end":{"line":206,"column":9}}],"line":204},"25":{"loc":{"start":{"line":207,"column":8},"end":{"line":223,"column":9}},"type":"if","locations":[{"start":{"line":207,"column":8},"end":{"line":223,"column":9}},{"start":{"line":207,"column":8},"end":{"line":223,"column":9}}],"line":207},"26":{"loc":{"start":{"line":210,"column":13},"end":{"line":223,"column":9}},"type":"if","locations":[{"start":{"line":210,"column":13},"end":{"line":223,"column":9}},{"start":{"line":210,"column":13},"end":{"line":223,"column":9}}],"line":210},"27":{"loc":{"start":{"line":213,"column":13},"end":{"line":223,"column":9}},"type":"if","locations":[{"start":{"line":213,"column":13},"end":{"line":223,"column":9}},{"start":{"line":213,"column":13},"end":{"line":223,"column":9}}],"line":213},"28":{"loc":{"start":{"line":217,"column":12},"end":{"line":222,"column":13}},"type":"if","locations":[{"start":{"line":217,"column":12},"end":{"line":222,"column":13}},{"start":{"line":217,"column":12},"end":{"line":222,"column":13}}],"line":217},"29":{"loc":{"start":{"line":226,"column":8},"end":{"line":234,"column":9}},"type":"if","locations":[{"start":{"line":226,"column":8},"end":{"line":234,"column":9}},{"start":{"line":226,"column":8},"end":{"line":234,"column":9}}],"line":226},"30":{"loc":{"start":{"line":227,"column":12},"end":{"line":233,"column":13}},"type":"if","locations":[{"start":{"line":227,"column":12},"end":{"line":233,"column":13}},{"start":{"line":227,"column":12},"end":{"line":233,"column":13}}],"line":227},"31":{"loc":{"start":{"line":232,"column":27},"end":{"line":232,"column":62}},"type":"cond-expr","locations":[{"start":{"line":232,"column":56},"end":{"line":232,"column":57}},{"start":{"line":232,"column":60},"end":{"line":232,"column":62}}],"line":232},"32":{"loc":{"start":{"line":238,"column":8},"end":{"line":243,"column":9}},"type":"if","locations":[{"start":{"line":238,"column":8},"end":{"line":243,"column":9}},{"start":{"line":238,"column":8},"end":{"line":243,"column":9}}],"line":238}},"s":{"0":1,"1":1,"2":1,"3":1,"4":1,"5":1,"6":1,"7":0,"8":0,"9":0,"10":0,"11":0,"12":0,"13":0,"14":0,"15":0,"16":0,"17":0,"18":0,"19":0,"20":0,"21":0,"22":0,"23":0,"24":0,"25":0,"26":0,"27":0,"28":0,"29":0,"30":0,"31":0,"32":0,"33":0,"34":0,"35":0,"36":0,"37":0,"38":0,"39":0,"40":0,"41":0,"42":0,"43":0,"44":0,"45":0,"46":0,"47":0,"48":0,"49":0,"50":0,"51":0,"52":0,"53":0,"54":0,"55":0,"56":0,"57":0,"58":0,"59":0,"60":0,"61":0,"62":0,"63":0,"64":0,"65":0,"66":0,"67":0,"68":0,"69":0,"70":0,"71":0,"72":0,"73":0,"74":0,"75":0,"76":0,"77":0,"78":0,"79":0,"80":0,"81":0,"82":0,"83":0,"84":0,"85":0,"86":0,"87":0,"88":0,"89":0,"90":0,"91":0,"92":0,"93":0,"94":0,"95":0,"96":0,"97":0,"98":0,"99":0,"100":0,"101":0,"102":0,"103":0,"104":0,"105":0,"106":0,"107":0,"108":0,"109":0,"110":0,"111":0,"112":0,"113":0,"114":0,"115":0,"116":0,"117":0,"118":0,"119":0,"120":0,"121":0,"122":0,"123":0,"124":0,"125":0,"126":0,"127":0,"128":0,"129":0,"130":0,"131":0,"132":0,"133":0,"134":0,"135":0,"136":0,"137":0,"138":0,"139":0,"140":0,"141":0,"142":0,"143":0,"144":0,"145":0,"146":0,"147":0,"148":0,"149":0,"150":0,"151":0,"152":0,"153":0,"154":0,"155":0,"156":0,"157":0,"158":0,"159":0,"160":0,"161":0,"162":0,"163":0,"164":0,"165":0,"166":0,"167":0,"168":0,"169":1},"f":{"0":1,"1":0,"2":0,"3":0,"4":0,"5":0,"6":0,"7":0,"8":0,"9":0,"10":0,"11":0},"b":{"0":[1,1,1],"1":[0,1],"2":[1,1],"3":[0,0],"4":[0,0],"5":[0,0],"6":[0,0],"7":[0,0],"8":[0,0],"9":[0,0],"10":[0,0],"11":[0,0],"12":[0,0],"13":[0,0],"14":[0,0],"15":[0,0],"16":[0,0],"17":[0,0],"18":[0,0],"19":[0,0],"20":[0,0],"21":[0,0],"22":[0,0],"23":[0,0],"24":[0,0],"25":[0,0],"26":[0,0],"27":[0,0],"28":[0,0],"29":[0,0],"30":[0,0],"31":[0,0],"32":[0,0]},"inputSourceMap":{"version":3,"file":"/Users/syedwaqarahmed/Documents/UBC/Term_7_current/CPSC_310/Project/project_team043/src/model/QueryContainer.ts","sources":["/Users/syedwaqarahmed/Documents/UBC/Term_7_current/CPSC_310/Project/project_team043/src/model/QueryContainer.ts"],"names":[],"mappings":";;;;;;AAAA,iEAAyF;AACzF,mFAGyC;AACzC,4DAAiC;AAEjC,MAAa,cAAc;IAEnB,eAAe,CAAW;IAC1B,KAAK,CAAW;IAChB,UAAU,CAA0B;IACpC,OAAO,CAAW;IAClB,KAAK,CAAW;IAChB,GAAG,CAAS;IAEnB;QACC,IAAI,CAAC,eAAe,GAAG,EAAE,CAAC;QAC1B,IAAI,CAAC,KAAK,GAAG,EAAE,CAAC;QAChB,IAAI,CAAC,UAAU,GAAG,EAAE,CAAC;QACrB,IAAI,CAAC,OAAO,GAAG,EAAE,CAAC;QAClB,IAAI,CAAC,KAAK,GAAG,EAAE,CAAC;QAChB,IAAI,CAAC,GAAG,GAAG,CAAC,CAAC;IACd,CAAC;IAEM,WAAW,CAAE,KAAU,EAAE,SAAiB,EAAE,OAAgB;QAClE,IAAI,WAAW,GAAoB,EAAE,CAAC;QACtC,IAAI,QAAQ,GAAG,OAAO,CAAC,YAAY,CAAC;QACpC,IAAI,IAAI,CAAC,KAAK,CAAC,MAAM,KAAK,CAAC,EAAE;YAC5B,KAAK,IAAI,GAAG,IAAI,QAAQ,EAAE;gBACzB,IAAI,SAAS,GAAG,QAAQ,CAAC,GAAG,CAAC,CAAC;gBAC9B,IAAI,IAAI,CAAC,YAAY,CAAC,KAAK,EAAE,SAAS,EAAE,OAAO,CAAC,YAAY,CAAC,GAAG,CAAC,CAAC,EAAE;oBACnE,IAAI,eAAe,GAAG,IAAA,qDAAqB,EAAC,SAAS,EAAE,SAAS,EAAE,IAAI,CAAC,eAAe,CAAC,CAAC;oBACxF,WAAW,CAAC,IAAI,CAAC,eAAe,CAAC,CAAC;iBAClC;aACD;SACD;aAAM;YACN,IAAI,SAAS,GAAoB,EAAE,CAAC;YACpC,KAAK,IAAI,GAAG,IAAI,QAAQ,EAAE;gBACzB,IAAI,SAAS,GAAG,QAAQ,CAAC,GAAG,CAAC,CAAC;gBAC9B,IAAI,IAAI,CAAC,YAAY,CAAC,KAAK,EAAE,SAAS,EAAE,OAAO,CAAC,YAAY,CAAC,GAAG,CAAC,CAAC,EAAE;oBACnE,IAAI,eAAe,GAAG,IAAA,qDAAqB,EAAC,SAAS,EAAE,SAAS,EAAE,IAAI,CAAC,eAAe,CAAC,CAAC;oBACxF,SAAS,CAAC,IAAI,CAAC,eAAe,CAAC,CAAC;iBAChC;aACD;YACD,SAAS,GAAG,IAAA,oCAAI,EAAC,SAAS,EAAE,IAAI,CAAC,KAAK,EAAE,CAAC,CAAC,CAAC;YAC3C,WAAW,GAAG,IAAI,CAAC,kBAAkB,CAAC,SAAS,EAAE,SAAS,CAAC,CAAC;SAC5D;QAED,IAAI,WAAW,CAAC,MAAM,GAAG,IAAI,EAAE;YAC9B,MAAM,IAAI,oCAAmB,CAAC,mBAAmB,CAAC,CAAC;SACnD;QAED,OAAO,WAAW,CAAC;IACpB,CAAC;IAEO,kBAAkB,CAAC,SAA0B,EAAE,SAAiB;QACvE,IAAI,MAAM,GAAoB,EAAE,CAAC;QACjC,IAAI,UAAU,GAAoB,EAAE,CAAC;QACrC,IAAI,QAAQ,GAAkB,SAAS,CAAC,CAAC,CAAC,CAAC;QAC3C,UAAU,CAAC,IAAI,CAAC,QAAQ,CAAC,CAAC;QAC1B,IAAI,aAAa,GAA2B,EAAE,CAAC;QAC/C,KAAK,IAAI,IAAI,IAAI,IAAI,CAAC,KAAK,EAAE;YAC5B,aAAa,CAAC,IAAI,CAAC,QAAQ,CAAC,IAAI,CAAC,KAAK,CAAC,IAAI,CAAC,CAAC,CAAC,CAAC;SAC/C;QACD,IAAI,KAAK,GAAW,CAAC,CAAC;QACtB,OAAO,KAAK,KAAK,SAAS,CAAC,MAAM,EAAE;YAClC,IAAI,OAAO,GAAkB,SAAS,CAAC,KAAK,CAAC,CAAC;YAC9C,IAAI,aAAa,GAA2B,EAAE,CAAC;YAC/C,KAAK,IAAI,IAAI,IAAI,IAAI,CAAC,KAAK,EAAE;gBAC5B,aAAa,CAAC,IAAI,CAAC,OAAO,CAAC,IAAI,CAAC,KAAK,CAAC,IAAI,CAAC,CAAC,CAAC,CAAC;aAC9C;YACD,IAAI,KAAK,GAAG,aAAa,CAAC,KAAK,CAAC,CAAC,GAAG,EAAE,CAAC,EAAE,EAAE,CAAC,GAAG,KAAK,aAAa,CAAC,CAAC,CAAC,CAAC,CAAC;YACtE,IAAI,KAAK,EAAE;gBACV,UAAU,CAAC,IAAI,CAAC,OAAO,CAAC,CAAC;gBACzB,KAAK,EAAE,CAAC;aACR;iBAAM;gBACN,IAAI,eAAe,GAAG,IAAI,CAAC,qBAAqB,CAAC,SAAS,EAAE,UAAU,CAAC,CAAC,CAAC,EAAE,UAAU,CAAC,CAAC;gBACvF,MAAM,CAAC,IAAI,CAAC,eAAe,CAAC,CAAC;gBAC7B,aAAa,GAAG,aAAa,CAAC;gBAC9B,UAAU,GAAG,EAAE,CAAC;gBAChB,UAAU,CAAC,IAAI,CAAC,SAAS,CAAC,KAAK,CAAC,CAAC,CAAC;gBAClC,KAAK,EAAE,CAAC;aACR;SACD;QACD,IAAI,eAAe,GAAkB,IAAI,CAAC,qBAAqB,CAAC,SAAS,EAAE,SAAS,CAAC,SAAS,CAAC,MAAM,GAAG,CAAC,CAAC,EACzG,UAAU,CAAC,CAAC;QACb,MAAM,CAAC,IAAI,CAAC,eAAe,CAAC,CAAC;QAC7B,OAAO,MAAM,CAAC;IACf,CAAC;IAEO,qBAAqB,CAAC,SAAiB,EAAE,MAAqB,EAAE,KAAsB;QAC7F,IAAI,eAAe,GAAkB,EAAE,CAAC;QACxC,KAAK,IAAI,GAAG,IAAI,IAAI,CAAC,OAAO,EAAE;YAC7B,IAAI,GAAG,GAAG,IAAI,CAAC,OAAO,CAAC,GAAG,CAAC,CAAC;YAC5B,IAAI,GAAoB,CAAC;YACzB,IAAI,GAAG,CAAC,QAAQ,CAAC,SAAS,CAAC,EAAE;gBAC5B,GAAG,GAAG,MAAM,CAAC,GAAG,CAAC,CAAC;aAClB;iBAAM;gBACN,IAAI,IAAI,GAAG,IAAI,CAAC,UAAU,CAAC,GAAG,CAAC,CAAC;gBAChC,IAAI,KAAK,GAAG,MAAM,CAAC,IAAI,CAAC,IAAI,CAAC,CAAC,CAAC,CAAC,CAAC;gBACjC,IAAI,KAAK,GAAG,IAAI,CAAC,KAA0B,CAAC,CAAC;gBAC7C,GAAG,GAAG,IAAI,CAAC,YAAY,CAAC,KAAK,EAAE,KAAK,EAAE,KAAK,CAAC,CAAC;aAC7C;YACD,eAAe,CAAC,GAAG,CAAC,GAAG,GAAG,CAAC;SAC3B;QACD,OAAO,eAAe,CAAC;IACxB,CAAC;IAEO,YAAY,CAAC,KAAa,EAAE,KAAa,EAAE,KAAsB;QACxE,IAAI,MAAM,GAAG,CAAC,CAAC;QACf,IAAI,KAAK,KAAK,KAAK,EAAE;YACpB,KAAK,IAAI,GAAG,IAAI,KAAK,EAAE;gBACtB,IAAI,KAAK,CAAC,GAAG,CAAC,CAAC,KAAK,CAAC,GAAG,MAAM,EAAE;oBAC/B,MAAM,GAAG,KAAK,CAAC,GAAG,CAAC,CAAC,KAAK,CAAkB,CAAC;iBAC5C;aACD;SACD;aAAM,IAAI,KAAK,KAAK,KAAK,EAAE;YAC3B,MAAM,GAAG,QAAQ,CAAC;YAClB,KAAK,IAAI,GAAG,IAAI,KAAK,EAAE;gBACtB,IAAI,KAAK,CAAC,GAAG,CAAC,CAAC,KAAK,CAAC,GAAG,MAAM,EAAE;oBAC/B,MAAM,GAAG,KAAK,CAAC,GAAG,CAAC,CAAC,KAAK,CAAkB,CAAC;iBAC5C;aACD;SACD;aAAM,IAAI,KAAK,KAAK,KAAK,EAAE;YAC3B,IAAI,KAAK,GAAG,IAAI,oBAAO,CAAC,CAAC,CAAC,CAAC;YAC3B,IAAI,KAAK,GAAG,CAAC,CAAC;YACd,KAAK,IAAI,GAAG,IAAI,KAAK,EAAC;gBACrB,IAAI,GAAG,GAAG,IAAI,oBAAO,CAAC,KAAK,CAAC,GAAG,CAAC,CAAC,KAAK,CAAkB,CAAC,CAAC;gBAC1D,KAAK,GAAG,oBAAO,CAAC,GAAG,CAAC,KAAK,EAAE,GAAG,CAAC,CAAC;gBAChC,KAAK,EAAE,CAAC;aACR;YACD,IAAI,GAAG,GAAG,KAAK,CAAC,QAAQ,EAAE,GAAG,KAAK,CAAC;YACnC,MAAM,GAAG,MAAM,CAAC,GAAG,CAAC,OAAO,CAAC,CAAC,CAAC,CAAC,CAAC;SAChC;aAAM,IAAI,KAAK,KAAK,KAAK,EAAE;YAC3B,KAAK,IAAI,GAAG,IAAI,KAAK,EAAE;gBACtB,MAAM,IAAI,KAAK,CAAC,GAAG,CAAC,CAAC,KAAK,CAAkB,CAAC;aAC7C;YACD,MAAM,GAAG,MAAM,CAAC,MAAM,CAAC,OAAO,CAAC,CAAC,CAAC,CAAC,CAAC;SACnC;aAAM;YACN,IAAI,QAAQ,GAAG,EAAE,CAAC;YAClB,KAAK,IAAI,GAAG,IAAI,KAAK,EAAE;gBACtB,QAAQ,CAAC,IAAI,CAAC,KAAK,CAAC,GAAG,CAAC,CAAC,KAAK,CAAC,CAAC,CAAC;aACjC;YACD,MAAM,GAAG,IAAI,GAAG,CAAC,QAAQ,CAAC,CAAC,IAAI,CAAC;SAChC;QACD,OAAO,MAAM,CAAC;IACf,CAAC;IAKM,YAAY,CAAC,KAAU,EAAE,SAAiB,EAAE,OAAY;QAC9D,IAAI,MAAM,GAAY,KAAK,CAAC;QAC5B,IAAI,IAAI,CAAC,SAAS,CAAC,KAAK,CAAC,KAAK,IAAI,EAAE;YAGnC,KAAK,IAAI,QAAQ,IAAI,KAAK,EAAE;gBAC3B,IAAI,QAAQ,KAAK,IAAI,EAAE;oBACtB,IAAI,SAAS,GAAG,KAAK,CAAC,QAAQ,CAAC,CAAC,CAAC,CAAC,CAAC;oBACnC,IAAI,UAAU,GAAY,IAAI,CAAC,YAAY,CAAC,SAAS,EAAE,SAAS,EAAE,OAAO,CAAC,CAAC;oBAC3E,KAAK,IAAI,IAAI,GAAG,CAAC,EAAE,IAAI,GAAG,KAAK,CAAC,QAAQ,CAAC,CAAC,MAAM,EAAE,IAAI,EAAE,EAAE;wBACzD,IAAI,QAAQ,GAAG,KAAK,CAAC,QAAQ,CAAC,CAAC,IAAI,CAAC,CAAC;wBACrC,IAAI,CAAC,UAAU,EAAE;4BAChB,UAAU,GAAG,IAAI,CAAC,YAAY,CAAC,QAAQ,EAAE,SAAS,EAAE,OAAO,CAAC,CAAC;yBAC7D;qBACD;oBACD,MAAM,GAAG,UAAU,CAAC;iBACpB;qBAAM,IAAI,QAAQ,KAAK,KAAK,EAAE;oBAC9B,IAAI,SAAS,GAAG,KAAK,CAAC,QAAQ,CAAC,CAAC,CAAC,CAAC,CAAC;oBACnC,IAAI,UAAU,GAAY,IAAI,CAAC,YAAY,CAAC,SAAS,EAAE,SAAS,EAAE,OAAO,CAAC,CAAC;oBAC3E,KAAK,IAAI,IAAI,GAAG,CAAC,EAAE,IAAI,GAAG,KAAK,CAAC,QAAQ,CAAC,CAAC,MAAM,EAAE,IAAI,EAAE,EAAE;wBACzD,IAAI,QAAQ,GAAG,KAAK,CAAC,QAAQ,CAAC,CAAC,IAAI,CAAC,CAAC;wBACrC,IAAI,UAAU,EAAE;4BACf,UAAU,GAAG,IAAI,CAAC,YAAY,CAAC,QAAQ,EAAE,SAAS,EAAE,OAAO,CAAC,CAAC;yBAC7D;qBACD;oBACD,MAAM,GAAG,UAAU,CAAC;iBACpB;qBAAM,IAAI,QAAQ,KAAK,KAAK,EAAE;oBAC9B,OAAO,CAAC,IAAI,CAAC,YAAY,CAAC,KAAK,CAAC,QAAQ,CAAC,EAAE,SAAS,EAAE,OAAO,CAAC,CAAC;iBAC/D;qBAAM;oBACN,IAAI,GAAG,GAAG,MAAM,CAAC,IAAI,CAAC,KAAK,CAAC,QAAQ,CAAC,CAAC,CAAC,CAAC,CAAC,CAAC;oBAC1C,IAAI,KAAK,GAAG,MAAM,CAAC,MAAM,CAAC,KAAK,CAAC,QAAQ,CAAC,CAAC,CAAC,CAAC,CAAC,CAAC;oBAC9C,IAAI,UAAU,GAAG,IAAA,iEAAiC,EAAC,IAAA,gDAAgB,EAAC,GAAG,CAAC,CAAC,CAAC;oBAC1E,MAAM,GAAG,IAAI,CAAC,oBAAoB,CAAC,OAAO,EAAE,UAAU,EAAE,KAAK,EAAE,QAAQ,CAAC,CAAC;iBACzE;aACD;YACD,OAAO,MAAM,CAAC;SACd;aAAM;YACN,OAAO,IAAI,CAAC;SACZ;IACF,CAAC;IAIM,oBAAoB,CAAC,OAAY,EAAE,UAAkB,EAAE,KAAU,EAAE,UAAkB;QAC3F,IAAI,YAAY,GAAG,OAAO,CAAC,UAAU,CAAC,CAAC;QACvC,IAAI,UAAU,KAAK,IAAI,EAAE;YACxB,YAAY,GAAG,YAAY,CAAC,QAAQ,EAAE,CAAC;SACvC;QACD,IAAI,UAAU,KAAK,MAAM,EAAE;YAC1B,IAAI,OAAO,CAAC,SAAS,CAAC,KAAK,SAAS,EAAE;gBACrC,YAAY,GAAG,IAAI,CAAC;aACpB;iBAAM;gBACN,YAAY,GAAG,MAAM,CAAC,YAAY,CAAC,CAAC;aACpC;SACD;QACD,IAAI,UAAU,KAAK,OAAO,EAAE;YAC3B,YAAY,GAAG,MAAM,CAAC,YAAY,CAAC,CAAC;SACpC;QACD,IAAI,UAAU,KAAK,IAAI,EAAE;YACxB,OAAO,YAAY,KAAK,KAAK,CAAC;SAC9B;aAAM,IAAI,UAAU,KAAK,IAAI,EAAE;YAC/B,OAAO,YAAY,GAAG,KAAK,CAAC;SAC5B;aAAM,IAAI,UAAU,KAAK,IAAI,EAAE;YAC/B,OAAO,YAAY,GAAG,KAAK,CAAC;SAC5B;aAAM;YACN,IAAI,KAAK,CAAC,QAAQ,CAAC,GAAG,CAAC,EAAE;gBACxB,OAAO,IAAA,+CAAe,EAAC,YAAY,EAAE,KAAK,CAAC,CAAC;aAC5C;iBAAM;gBACN,OAAO,YAAY,KAAK,KAAK,CAAC;aAC9B;SACD;IACF,CAAC;IAEM,aAAa,CAAC,KAAU;QAE9B,IAAI,MAAM,CAAC,SAAS,CAAC,cAAc,CAAC,IAAI,CAAC,KAAK,EAAE,OAAO,CAAC,EAAE;YACzD,IAAI,OAAO,KAAK,CAAC,KAAK,KAAK,QAAQ,EAAE;gBACpC,IAAI,CAAC,KAAK,CAAC,IAAI,CAAC,KAAK,CAAC,KAAK,CAAC,CAAC;aAC7B;iBAAM;gBACN,IAAI,CAAC,KAAK,GAAG,KAAK,CAAC,KAAK,CAAC,IAAI,CAAC;gBAC9B,IAAI,CAAC,GAAG,GAAG,CAAC,KAAK,CAAC,KAAK,CAAC,GAAG,KAAK,IAAI,CAAC,CAAC,CAAC,CAAC,CAAC,CAAC,CAAC,CAAC,CAAC,CAAC,CAAC;aAC/C;SACD;QACD,IAAI,CAAC,OAAO,GAAG,KAAK,CAAC,OAAO,CAAC;IAC9B,CAAC;IAEM,qBAAqB,CAAC,KAAU;QAEtC,IAAI,KAAK,KAAK,SAAS,EAAE;YACxB,KAAK,IAAI,GAAG,IAAI,IAAI,CAAC,OAAO,EAAE;gBAC7B,IAAI,CAAC,eAAe,CAAC,IAAI,CAAC,IAAA,iEAAiC,EAAC,IAAA,gDAAgB,EAAC,IAAI,CAAC,OAAO,CAAC,GAAG,CAAC,CAAC,CAAC,CAAC,CAAC;aAClG;YACD,OAAO;SACP;QAGD,IAAI,CAAC,KAAK,GAAG,KAAK,CAAC,KAAK,CAAC;QAGzB,KAAK,IAAI,GAAG,IAAI,IAAI,CAAC,KAAK,EAAE;YAC3B,IAAI,CAAC,eAAe,CAAC,IAAI,CAAC,IAAA,iEAAiC,EAAC,IAAA,gDAAgB,EAAC,IAAI,CAAC,KAAK,CAAC,GAAG,CAAC,CAAC,CAAC,CAAC,CAAC;SAChG;QAGD,IAAI,SAAS,GAAG,KAAK,CAAC,KAAK,CAAC;QAC5B,KAAK,IAAI,GAAG,IAAI,SAAS,EAAC;YACzB,IAAI,SAAS,GAAG,SAAS,CAAC,GAAG,CAAC,CAAC;YAC/B,IAAI,QAAQ,GAAG,MAAM,CAAC,IAAI,CAAC,SAAS,CAAC,CAAC,CAAC,CAAC,CAAC;YACzC,IAAI,WAAW,GAAG,SAAS,CAAC,QAAkC,CAAC,CAAC;YAGhE,IAAI,CAAC,UAAU,CAAC,QAAQ,CAAC,GAAG,WAAW,CAAC;YAGxC,IAAI,KAAK,GAAG,MAAM,CAAC,IAAI,CAAC,WAAW,CAAC,CAAC,CAAC,CAAC,CAAC;YACxC,IAAI,CAAC,eAAe,CAAC,IAAI,CAAC,IAAA,gDAAgB,EAAC,WAAW,CAAC,KAAiC,CAAC,CAAC,CAAC,CAAC;SAC5F;QAED,KAAK,IAAI,GAAG,IAAI,IAAI,CAAC,eAAe,EAAE;YACrC,IAAI,CAAC,eAAe,CAAC,GAAG,CAAC,GAAG,IAAA,iEAAiC,EAAC,IAAI,CAAC,eAAe,CAAC,GAAG,CAAC,CAAC,CAAC;SACzF;IACF,CAAC;IAEM,UAAU,CAAE,KAAsB;QACxC,OAAO,IAAA,oCAAI,EAAC,KAAK,EAAE,IAAI,CAAC,KAAK,EAAE,IAAI,CAAC,GAAG,CAAC,CAAC;IAC1C,CAAC;CACD;AA/QD,wCA+QC","sourcesContent":["import {Dataset, InsightResult, ResultTooLargeError} from \"../controller/IInsightFacade\";\nimport {\n\treturnIdentifier, transformQueryToDatasetConvention, transformDatasetToQueryConvention, wildcardMatcher,\n\tsort, createIResWhereHelper\n} from \"./helperFunctionsQueryContainer\";\nimport Decimal from \"decimal.js\";\n\nexport class QueryContainer {\n\n\tpublic fieldsToExtract: string[];\t// keys needed to create InsightResult\n\tpublic group: string[];\t\t\t\t// keys used to group sections together\n\tpublic applyRules: {[key: string]: object};\n\tpublic columns: string[];\t\t\t// only used if there are TRANSFORMATIONS\n\tpublic order: string[];\n\tpublic dir: number;\n\n\tconstructor() {\n\t\tthis.fieldsToExtract = [];\n\t\tthis.group = [];\n\t\tthis.applyRules = {};\n\t\tthis.columns = [];\n\t\tthis.order = [];\n\t\tthis.dir = 1;\t\t// UP = ascending = 1      DOWN = descending = -1\n\t}\n\n\tpublic handleWhere (query: any, datasetID: string, dataset: Dataset): InsightResult[] {\n\t\tlet resultArray: InsightResult[] = [];\n\t\tlet sections = dataset.datasetArray;\n\t\tif (this.group.length === 0) {\n\t\t\tfor (let sec in sections) {\n\t\t\t\tlet mySection = sections[sec];\n\t\t\t\tif (this.applyFilters(query, datasetID, dataset.datasetArray[sec])) {\n\t\t\t\t\tlet myInsightResult = createIResWhereHelper(datasetID, mySection, this.fieldsToExtract);\n\t\t\t\t\tresultArray.push(myInsightResult);\n\t\t\t\t}\n\t\t\t}\n\t\t} else {\n\t\t\tlet tempArray: InsightResult[] = [];\n\t\t\tfor (let sec in sections) {\n\t\t\t\tlet mySection = sections[sec];\n\t\t\t\tif (this.applyFilters(query, datasetID, dataset.datasetArray[sec])) {\n\t\t\t\t\tlet myInsightResult = createIResWhereHelper(datasetID, mySection, this.fieldsToExtract);\n\t\t\t\t\ttempArray.push(myInsightResult);\n\t\t\t\t}\n\t\t\t}\n\t\t\ttempArray = sort(tempArray, this.group, 1);\n\t\t\tresultArray = this.applyGroupAndRules(tempArray, datasetID);\n\t\t}\n\n\t\tif (resultArray.length > 5000) {\n\t\t\tthrow new ResultTooLargeError(\"Too many results!\");\n\t\t}\n\n\t\treturn resultArray;\n\t}\n\n\tprivate applyGroupAndRules(tempArray: InsightResult[], datasetID: string): InsightResult[] {\n\t\tlet result: InsightResult[] = [];\n\t\tlet indivGroup: InsightResult[] = []; // all insight results in a single group\n\t\tlet firstRes: InsightResult = tempArray[0];\n\t\tindivGroup.push(firstRes);\n\t\tlet lastGroupVals: Array<string | number> = [];\n\t\tfor (let prop in this.group) {\n\t\t\tlastGroupVals.push(firstRes[this.group[prop]]);\n\t\t}\n\t\tlet index: number = 1;\n\t\twhile (index !== tempArray.length) {\n\t\t\tlet thisRes: InsightResult = tempArray[index];\n\t\t\tlet currGroupVals: Array<string | number> = [];\n\t\t\tfor (let prop in this.group) {\n\t\t\t\tcurrGroupVals.push(thisRes[this.group[prop]]);\n\t\t\t}\n\t\t\tlet match = lastGroupVals.every((val, i) => val === currGroupVals[i]);\n\t\t\tif (match) {\n\t\t\t\tindivGroup.push(thisRes);\n\t\t\t\tindex++;\n\t\t\t} else {\n\t\t\t\tlet myInsightResult = this.createIResApplyHelper(datasetID, indivGroup[0], indivGroup);\n\t\t\t\tresult.push(myInsightResult);\n\t\t\t\tlastGroupVals = currGroupVals;\n\t\t\t\tindivGroup = [];\n\t\t\t\tindivGroup.push(tempArray[index]);\n\t\t\t\tindex++;\n\t\t\t}\n\t\t}\n\t\tlet myInsightResult: InsightResult = this.createIResApplyHelper(datasetID, tempArray[tempArray.length - 1],\n\t\t\tindivGroup);\n\t\tresult.push(myInsightResult);\n\t\treturn result;\n\t}\n\n\tprivate createIResApplyHelper(datasetID: string, insRes: InsightResult, group: InsightResult[]): InsightResult {\n\t\tlet myInsightResult: InsightResult = {};\n\t\tfor (let col in this.columns) {\n\t\t\tlet key = this.columns[col];\n\t\t\tlet val: string | number;\n\t\t\tif (key.includes(datasetID)) {\n\t\t\t\tval = insRes[key];\n\t\t\t} else {\n\t\t\t\tlet rule = this.applyRules[key];\n\t\t\t\tlet token = Object.keys(rule)[0];\n\t\t\t\tlet field = rule[token as keyof typeof rule];\n\t\t\t\tval = this.applyTheRule(token, field, group); // apply the rule!!!\n\t\t\t}\n\t\t\tmyInsightResult[key] = val;\n\t\t}\n\t\treturn myInsightResult;\n\t}\n\n\tprivate applyTheRule(token: string, field: string, group: InsightResult[]): number {\n\t\tlet result = 0;\n\t\tif (token === \"MAX\") {\n\t\t\tfor (let res in group) {\n\t\t\t\tif (group[res][field] > result) {\n\t\t\t\t\tresult = group[res][field] as typeof result;\n\t\t\t\t}\n\t\t\t}\n\t\t} else if (token === \"MIN\") {\n\t\t\tresult = Infinity;\n\t\t\tfor (let res in group) {\n\t\t\t\tif (group[res][field] < result) {\n\t\t\t\t\tresult = group[res][field] as typeof result;\n\t\t\t\t}\n\t\t\t}\n\t\t} else if (token === \"AVG\") {\n\t\t\tlet total = new Decimal(0);\n\t\t\tlet count = 0;\n\t\t\tfor (let res in group){\n\t\t\t\tlet val = new Decimal(group[res][field] as typeof result);\n\t\t\t\ttotal = Decimal.add(total, val);\n\t\t\t\tcount++;\n\t\t\t}\n\t\t\tlet avg = total.toNumber() / count;\n\t\t\tresult = Number(avg.toFixed(2));\n\t\t} else if (token === \"SUM\") {\n\t\t\tfor (let res in group) {\n\t\t\t\tresult += group[res][field] as typeof result;\n\t\t\t}\n\t\t\tresult = Number(result.toFixed(2));\n\t\t} else { // (token === \"COUNT\")\n\t\t\tlet valArray = [];\n\t\t\tfor (let res in group) {\n\t\t\t\tvalArray.push(group[res][field]);\n\t\t\t}\n\t\t\tresult = new Set(valArray).size;\n\t\t}\n\t\treturn result;\n\t}\n\n\n// Applies the filters in the query to the given section and returns\n\t// true if the section matches all filters, false otherwise\n\tpublic applyFilters(query: any, datasetID: string, section: any): boolean {\n\t\tlet result: boolean = false;\n\t\tif (JSON.stringify(query) !== \"{}\") {  // WHERE block is not empty\n\t\t\t// recursively traverse JSON query object:\n\t\t\t// ref: https://blog.boot.dev/javascript/how-to-recursively-traverse-objects/\n\t\t\tfor (let queryKey in query) {\n\t\t\t\tif (queryKey === \"OR\") {\n\t\t\t\t\tlet firstItem = query[queryKey][0];\n\t\t\t\t\tlet tempResult: boolean = this.applyFilters(firstItem, datasetID, section);\n\t\t\t\t\tfor (let item = 1; item < query[queryKey].length; item++) {\n\t\t\t\t\t\tlet nextItem = query[queryKey][item];\n\t\t\t\t\t\tif (!tempResult) {\n\t\t\t\t\t\t\ttempResult = this.applyFilters(nextItem, datasetID, section);\n\t\t\t\t\t\t}\n\t\t\t\t\t}\n\t\t\t\t\tresult = tempResult;\n\t\t\t\t} else if (queryKey === \"AND\") {\n\t\t\t\t\tlet firstItem = query[queryKey][0];\n\t\t\t\t\tlet tempResult: boolean = this.applyFilters(firstItem, datasetID, section);\n\t\t\t\t\tfor (let item = 1; item < query[queryKey].length; item++) {\n\t\t\t\t\t\tlet nextItem = query[queryKey][item];\n\t\t\t\t\t\tif (tempResult) {\n\t\t\t\t\t\t\ttempResult = this.applyFilters(nextItem, datasetID, section);\n\t\t\t\t\t\t}\n\t\t\t\t\t}\n\t\t\t\t\tresult = tempResult;\n\t\t\t\t} else if (queryKey === \"NOT\") {\n\t\t\t\t\treturn !this.applyFilters(query[queryKey], datasetID, section);\n\t\t\t\t} else {\n\t\t\t\t\tlet key = Object.keys(query[queryKey])[0]; \t\t\t\t\t\t// something like: sections_avg\n\t\t\t\t\tlet value = Object.values(query[queryKey])[0];   \t\t\t\t// something like: 40\n\t\t\t\t\tlet identifier = transformQueryToDatasetConvention(returnIdentifier(key));\t// something like: Avg\n\t\t\t\t\tresult = this.doesThisSectionMatch(section, identifier, value, queryKey);\n\t\t\t\t}\n\t\t\t}\n\t\t\treturn result;\n\t\t} else { // empty where block -> return all sections\n\t\t\treturn true;\n\t\t}\n\t}\n\n\t// checks if the given section matches the values from the query for the\n\t// given comparator. Returns true if it matches, false otherwise\n\tpublic doesThisSectionMatch(section: any, identifier: string, value: any, comparator: string): boolean {\n\t\tlet valOfSection = section[identifier];\n\t\tif (identifier === \"id\") {\n\t\t\tvalOfSection = valOfSection.toString();\n\t\t}\n\t\tif (identifier === \"Year\") {\n\t\t\tif (section[\"Section\"] === \"overall\") {\n\t\t\t\tvalOfSection = 1900;\n\t\t\t} else {\n\t\t\t\tvalOfSection = Number(valOfSection);\n\t\t\t}\n\t\t}\n\t\tif (identifier === \"seats\") {\n\t\t\tvalOfSection = Number(valOfSection);\n\t\t}\n\t\tif (comparator === \"EQ\") {\n\t\t\treturn valOfSection === value;\n\t\t} else if (comparator === \"GT\") {\n\t\t\treturn valOfSection > value;\n\t\t} else if (comparator === \"LT\") {\n\t\t\treturn valOfSection < value;\n\t\t} else { // comparator === \"IS\"\n\t\t\tif (value.includes(\"*\")) {\n\t\t\t\treturn wildcardMatcher(valOfSection, value);\n\t\t\t} else {\n\t\t\t\treturn valOfSection === value;\n\t\t\t}\n\t\t}\n\t}\n\n\tpublic handleOptions(query: any) {\n\t\t// if there is an ORDER section, extract the order\n\t\tif (Object.prototype.hasOwnProperty.call(query, \"ORDER\")) {\n\t\t\tif (typeof query.ORDER === \"string\") {\n\t\t\t\tthis.order.push(query.ORDER);\n\t\t\t} else {\n\t\t\t\tthis.order = query.ORDER.keys;\n\t\t\t\tthis.dir = (query.ORDER.dir === \"UP\") ? 1 : -1;\n\t\t\t}\n\t\t}\n\t\tthis.columns = query.COLUMNS;\n\t}\n\n\tpublic handleTransformations(query: any) {\n\t\t// if the query does not have a transformation block\n\t\tif (query === undefined) {\n\t\t\tfor (let col in this.columns) {\n\t\t\t\tthis.fieldsToExtract.push(transformQueryToDatasetConvention(returnIdentifier(this.columns[col])));\n\t\t\t}\n\t\t\treturn;\n\t\t}\n\n\t\t// extracts all the group identifiers and puts them into the group array\n\t\tthis.group = query.GROUP;\n\n\t\t// extracts all the fields from group, and add to fieldsToExtract array\n\t\tfor (let col in this.group) {\n\t\t\tthis.fieldsToExtract.push(transformQueryToDatasetConvention(returnIdentifier(this.group[col])));\n\t\t}\n\n\t\t// extract apply rules, add them to applyRules Object, and add appropriate fields to fieldsToExtract array\n\t\tlet ruleArray = query.APPLY;\n\t\tfor (let col in ruleArray){\n\t\t\tlet applyRule = ruleArray[col];\n\t\t\tlet applyKey = Object.keys(applyRule)[0];\n\t\t\tlet applyKeyObj = applyRule[applyKey as keyof typeof applyRule];\n\n\t\t\t// add rule to applyRules Object\n\t\t\tthis.applyRules[applyKey] = applyKeyObj;\n\n\t\t\t// extract fields from the applyRules and add to fieldsToExtract array\n\t\t\tlet token = Object.keys(applyKeyObj)[0];\n\t\t\tthis.fieldsToExtract.push(returnIdentifier(applyKeyObj[token as keyof typeof applyKeyObj]));\n\t\t}\n\n\t\tfor (let col in this.fieldsToExtract) {\n\t\t\tthis.fieldsToExtract[col] = transformQueryToDatasetConvention(this.fieldsToExtract[col]);\n\t\t}\n\t}\n\n\tpublic handleSort (array: InsightResult[]): InsightResult[] {\n\t\treturn sort(array, this.order, this.dir);\n\t}\n}\n\n\n"]},"_coverageSchema":"1a1c01bbd47fc00a2c39e90264f33305004495a9","hash":"dba2ee0b9390b1c5903f1611859006ac11f19053","contentHash":"54e52bb65ac518f9f7f5038469c2fbf65dfacd56493e1c51fe51918526d0f0a6"},"/Users/syedwaqarahmed/Documents/UBC/Term_7_current/CPSC_310/Project/project_team043/src/model/helperFunctionsQueryContainer.ts":{"path":"/Users/syedwaqarahmed/Documents/UBC/Term_7_current/CPSC_310/Project/project_team043/src/model/helperFunctionsQueryContainer.ts","statementMap":{"0":{"start":{"line":2,"column":0},"end":{"line":2,"column":62}},"1":{"start":{"line":3,"column":0},"end":{"line":3,"column":214}},"2":{"start":{"line":5,"column":28},"end":{"line":5,"column":46}},"3":{"start":{"line":6,"column":4},"end":{"line":6,"column":48}},"4":{"start":{"line":8,"column":0},"end":{"line":8,"column":44}},"5":{"start":{"line":10,"column":22},"end":{"line":10,"column":29}},"6":{"start":{"line":11,"column":4},"end":{"line":11,"column":35}},"7":{"start":{"line":13,"column":0},"end":{"line":13,"column":28}},"8":{"start":{"line":15,"column":4},"end":{"line":44,"column":5}},"9":{"start":{"line":16,"column":8},"end":{"line":16,"column":21}},"10":{"start":{"line":18,"column":9},"end":{"line":44,"column":5}},"11":{"start":{"line":19,"column":8},"end":{"line":19,"column":25}},"12":{"start":{"line":21,"column":9},"end":{"line":44,"column":5}},"13":{"start":{"line":22,"column":8},"end":{"line":22,"column":24}},"14":{"start":{"line":24,"column":9},"end":{"line":44,"column":5}},"15":{"start":{"line":25,"column":8},"end":{"line":25,"column":28}},"16":{"start":{"line":27,"column":9},"end":{"line":44,"column":5}},"17":{"start":{"line":28,"column":8},"end":{"line":28,"column":26}},"18":{"start":{"line":30,"column":9},"end":{"line":44,"column":5}},"19":{"start":{"line":31,"column":8},"end":{"line":31,"column":23}},"20":{"start":{"line":33,"column":9},"en
[...]
lt\";\n\twhile (queue.length !== 0) {\n\t\t\t/*\n\t\t\t * The shift() method removes the first element from an array and returns that removed element. This method changes the length of the array.\n\t\t\t * https://developer.mozilla.org/en-US/docs/Web/JavaScript/Reference/Global_Objects/Array/shift\n\t\t\t */\n\t\tlet tempNode = queue.shift();\n\t\tif (checkIfTable(tempNode) && checkIfClass(tempNode,\"views-table cols-5 table\")) {\n\t\t\tlet table = tempNode;\n\t\t\ttableBody = findTableBody(table);\n\t\t\titerateOverTableRowsForIndexFile(tableBody,buildingArray);\n\t\t}\n\t\tif (tempNode && tempNode.childNodes && tempNode.childNodes.length > 0) {\n\t\t\tqueue.push(...tempNode.childNodes);\n\t\t}\n\t}\n\tif (tableBody === \"default\"){\n\t\tthrow new InsightError(\"The index.htm contains no table.\");\n\t}\n}\n\nfunction findChildNode (node: any, description: string): any {\n\treturn node.childNodes.find((e: any) => e.nodeName === description);\n}\n\nfunction FindValueInAttr (node: any, givenValue: string): any {\n\treturn node.attrs.find((e: any) => e.name === givenValue);\n}\n\nfunction checkIfTable (node: any) {\n\treturn node.nodeName === \"table\" && node.tagName === \"table\";\n}\n\nfunction checkIfRow (node: any) {\n\treturn node.nodeName === \"tr\" && node.tagName === \"tr\";\n}\n\nfunction checkIfTD (node: any) {\n\treturn node.nodeName === \"td\" && node.tagName === \"td\";\n}\n\n// https://stackoverflow.com/questions/8217419/how-to-determine-if-javascript-array-contains-an-object-with-an-\n// attribute-that-e\nfunction checkIfClass (node: any, givenValue: string) {\n\treturn node.attrs.some((e: any) => e.name === \"class\" && e.value === givenValue);\n}\n\nfunction findTableBody (node: any) {\n\treturn node.childNodes.find((e: any) => e.nodeName === \"tbody\" && e.tagName === \"tbody\");\n}\n\nfunction iterateOverTableRowsForIndexFile (node: any, buildingArray: any): any {\n\tfor (const element of node.childNodes) {\n\t\tif (checkIfRow(element)) {\n\t\t\tlet building: Building = initializeDefaultBuilding();\n\t\t\tfor (const elementTD of element.childNodes) {\n\t\t\t\tif (checkIfTD(elementTD)) {\n\t\t\t\t\tpopulateBuildingData(elementTD,building);\n\t\t\t\t}\n\t\t\t}\n\t\t\tbuildingArray.push(building);\n\t\t}\n\t}\n}\n\nfunction populateGeoLocationData (buildingArray: any) {\n\treturn new Promise(function (resolve, reject) {\n\t\tlet promisesArray: Array<Promise<GeoResponse>> = [];\n\t\tfor (const building of buildingArray) {\n\t\t\tpromisesArray.push(getGeoData(building.address));\n\t\t}\n\t\treturn Promise.all(promisesArray)\n\t\t\t.then((geoDataArray) => {\n\t\t\t\tbuildingArray.forEach(function (value: Building, i: any) {\n\t\t\t\t\t// console.log(\"%d: %s\", i, value);\n\t\t\t\t\tvalue.lat = geoDataArray[i].lat;\n\t\t\t\t\tvalue.lon = geoDataArray[i].lon;\n\t\t\t\t});\n\t\t\t\treturn resolve(\"done\");\n\t\t\t}).catch((error) => {\n\t\t\t\treturn reject(\"populating geodata didn't work\");\n\t\t\t});\n\t});\n}\n\nfunction populateBuildingData (node: any, building: Building) {\n\tif (checkIfClass(node,buildingShortNameString)){\n\t//\thttps://linuxhint.com/remove-all-non-alphanumeric-characters-in-javascript/\n\t\tlet buildingCode = findChildNode(node,\"#text\").value.replace(/\\W/g, \"\");\n\t\tbuilding.shortname = buildingCode;\n\t}\n\tif (checkIfClass(node,buildingFullNameString)){\n\t\t//\thttps://linuxhint.com/remove-all-non-alphanumeric-characters-in-javascript/\n\t\tlet buildingTitleNode = findChildNode(node,\"a\");\n\t\tlet buildingTitle = findChildNode(buildingTitleNode,\"#text\").value;\n\t\t// console.log(buildingTitle);\n\t\tbuilding.fullname = buildingTitle;\n\t}\n\tif (checkIfClass(node,buildingAddressString)){\n\t\t//\thttps://linuxhint.com/remove-all-non-alphanumeric-characters-in-javascript/\n\t\tlet buildingAddress = findChildNode(node,\"#text\").value.trim();\n\t\tbuilding.address = buildingAddress;\n\t}\n}\n"]},"_coverageSchema":"1a1c01bbd47fc00a2c39e90264f33305004495a9","hash":"b89cf08c0cadb514ac6ea5fd51f302c46b4ac410","contentHash":"994c84c48194dcb2e9c718a6f2bca9665862392ce55d7a9ec27c75acb6f564bb"},"/Users/syedwaqarahmed/Documents/UBC/Term_7_current/CPSC_310/Project/project_team043/src/controller/helperAddDatasetRooms.ts":{"path":"/Users/syedwaqarahmed/Documents/UBC/Term_7_current/CPSC_310/Project/project_team043/src/controller/helperAddDatasetRooms.ts","statementMap":{"0":{"start":{"line":2,"column":22},"end":{"line":4,"column":1}},"1":{"start":{"line":3,"column":4},"end":{"line":3,"column":62}},"2":{"start":{"line":5,"column":0},"end":{"line":5,"column":62}},"3":{"start":{"line":6,"column":0},"end":{"line":6,"column":145}},"4":{"start":{"line":7,"column":25},"end":{"line":7,"column":52}},"5":{"start":{"line":8,"column":15},"end":{"line":8,"column":47}},"6":{"start":{"line":10,"column":15},"end":{"line":22,"column":5}},"7":{"start":{"line":23,"column":4},"end":{"line":23,"column":16}},"8":{"start":{"line":25,"column":0},"end":{"line":25,"column":54}},"9":{"start":{"line":27,"column":19},"end":{"line":33,"column":5}},"10":{"start":{"line":34,"column":4},"end":{"line":34,"column":20}},"11":{"start":{"line":36,"column":0},"end":{"line":36,"column":62}},"12":{"start":{"line":38,"column":17},"end":{"line":52,"column":45}},"13":{"start":{"line":53,"column":4},"end":{"line":53,"column":18}},"14":{"start":{"line":55,"column":0},"end":{"line":55,"column":40}},"15":{"start":{"line":57,"column":4},"end":{"line":57,"column":39}},"16":{"start":{"line":59,"column":0},"end":{"line":59,"column":38}},"17":{"start":{"line":61,"column":4},"end":{"line":100,"column":7}},"18":{"start":{"line":62,"column":29},"end":{"line":62,"column":51}},"19":{"start":{"line":63,"column":21},"end":{"line":63,"column":101}},"20":{"start":{"line":64,"column":8},"end":{"line":99,"column":11}},"21":{"start":{"line":65,"column":35},"end":{"line":65,"column":38}},"22":{"start":{"line":66,"column":32},"end":{"line":66,"column":59}},"23":{"start":{"line":68,"column":12},"end":{"line":75,"column":13}},"24":{"start":{"line":69,"column":16},"end":{"line":70,"column":50}},"25":{"start":{"line":72,"column":17},"end":{"line":75,"column":13}},"26":{"start":{"line":73,"column":16},"end":{"line":74,"column":77}},"27":{"start":{"line":76,"column":12},"end":{"line":79,"column":13}},"28":{"start":{"line":77,"column":16},"end":{"line":77,"column":29}},"29":{"start":{"line":78,"column":16},"end":{"line":78,"column":37}},"30":{"start":{"line":80,"column":12},"end":{"line":80,"column":36}},"31":{"start":{"line":81,"column":26},"end":{"line":81,"column":28}},"32":{"start":{"line":82,"column":12},"end":{"line":84,"column":15}},"33":{"start":{"line":83,"column":16},"end":{"line":83,"column":33}},"34":{"start":{"line":85,"column":12},"end":{"line":94,"column":15}},"35":{"start":{"line":86,"column":16},"end":{"line":93,"column":17}},"36":{"start":{"line":87,"column":39},"end":{"line":87,"column":58}},"37":{"start":{"line":88,"column":20},"end":{"line":88,"column":47}},"38":{"start":{"line":91,"column":20},"end":{"line":91,"column":37}},"39":{"start":{"line":92,"column":20},"end":{"line":92,"column":37}},"40":{"start":{"line":96,"column":12},"end":{"line":96,"column":53}},"41":{"start":{"line":97,"column":12},"end":{"line":97,"column":94}},"42":{"start":{"line":98,"column":12},"end":{"line":98,"column":29}},"43":{"start":{"line":102,"column":0},"end":{"line":102,"column":32}}},"fnMap":{"0":{"name":"(anonymous_0)","decl":{"start":{"line":2,"column":56},"end":{"line":2,"column":57}},"loc":{"start":{"line":2,"column":71},"end":{"line":4,"column":1}},"line":2},"1":{"name":"initializeDefaultRoom","decl":{"start":{"line":9,"column":9},"end":{"line":9,"column":30}},"loc":{"start":{"line":9,"column":33},"end":{"line":24,"column":1}},"line":9},"2":{"name":"initializeDefaultBuilding","decl":{"start":{"line":26,"column":9},"end":{"line":26,"column":34}},"loc":{"start":{"line":26,"column":37},"end":{"line":35,"column":1}},"line":26},"3":{"name":"checkValidRoom","decl":{"start":{"line":37,"column":9},"end":{"line":37,"column":23}},"loc":{"start":{"line":37,"column":30},"end":{"line":54,"column":1}},"line":37},"4":{"name":"encodeAddress","decl":{"start":{"line":56,"column":9},"end":{"line":56,"column":22}},"loc":{"start":{"line":56,"column":32},"end":{"line":58,"column":1}},"line":56},"5":{"name":"getGeoData","decl":{"start":{"line":60,"column":9},"end":{"line":60,"column":19}},"loc":{"start":{"line":60,"column":29},"end":{"line":101,"column":1}},"line":60},"6":{"name":"(anonymous_6)","decl":{"start":{"line":61,"column":23},"end":{"line":61,"column":24}},"loc":{"start":{"line":61,"column":50},"end":{"line":100,"column":5}},"line":61},"7":{"name":"(anonymous_7)","decl":{"start":{"line":64,"column":35},"end":{"line":64,"column":36}},"loc":{"start":{"line":64,"column":44},"end":{"line":95,"column":9}},"line":64},"8":{"name":"(anonymous_8)","decl":{"start":{"line":82,"column":27},"end":{"line":82,"column":28}},"loc":{"start":{"line":82,"column":38},"end":{"line":84,"column":13}},"line":82},"9":{"name":"(anonymous_9)","decl":{"start":{"line":85,"column":26},"end":{"line":85,"column":27}},"loc":{"start":{"line":85,"column":32},"end":{"line":94,"column":13}},"line":85},"10":{"name":"(anonymous_10)","decl":{"start":{"line":95,"column":23},"end":{"line":95,"column":24}},"loc":{"start":{"line":95,"column":30},"end":{"line":99,"column":9}},"line":95}},"branchMap":{"0":{"loc":{"start":{"line":2,"column":22},"end":{"line":4,"column":1}},"type":"binary-expr","locations":[{"start":{"line":2,"column":23},"end":{"line":2,"column":27}},{"start":{"line":2,"column":31},"end":{"line":2,"column":51}},{"start":{"line":2,"column":56},"end":{"line":4,"column":1}}],"line":2},"1":{"loc":{"start":{"line":3,"column":11},"end":{"line":3,"column":61}},"type":"cond-expr","locations":[{"start":{"line":3,"column":37},"end":{"line":3,"column":40}},{"start":{"line":3,"column":43},"end":{"line":3,"column":61}}],"line":3},"2":{"loc":{"start":{"line":3,"column":12},"end":{"line":3,"column":33}},"type":"binary-expr","locations":[{"start":{"line":3,"column":12},"end":{"line":3,"column":15}},{"start":{"line":3,"column":19},"end":{"line":3,"column":33}}],"line":3},"3":{"loc":{"start":{"line":38,"column":17},"end":{"line":52,"column":45}},"type":"binary-expr","locations":[{"start":{"line":38,"column":17},"end":{"line":38,"column":58}},{"start":{"line":39,"column":8},"end":{"line":39,"column":50}},{"start":{"line":40,"column":8},"end":{"line":40,"column":47}},{"start":{"line":41,"column":8},"end":{"line":41,"column":45}},{"start":{"line":42,"column":8},"end":{"line":42,"column":48}},{"start":{"line":43,"column":8},"end":{"line":43,"column":28}},{"start":{"line":44,"column":8},"end":{"line":44,"column":28}},{"start":{"line":45,"column":8},"end":{"line":45,"column":38}},{"start":{"line":46,"column":8},"end":{"line":46,"column":38}},{"start":{"line":47,"column":8},"end":{"line":47,"column":41}},{"start":{"line":48,"column":8},"end":{"line":48,"column":41}},{"start":{"line":49,"column":8},"end":{"line":49,"column":30}},{"start":{"line":50,"column":8},"end":{"line":50,"column":45}},{"start":{"line":51,"column":8},"end":{"line":51,"column":50}},{"start":{"line":52,"column":8},"end":{"line":52,"column":45}}],"line":38},"4":{"loc":{"start":{"line":68,"column":12},"end":{"line":75,"column":13}},"type":"if","locations":[{"start":{"line":68,"column":12},"end":{"line":75,"column":13}},{"start":{"line":68,"column":12},"end":{"line":75,"column":13}}],"line":68},"5":{"loc":{"start":{"line":68,"column":16},"end":{"line":68,"column":80}},"type":"binary-expr","locations":[{"start":{"line":68,"column":16},"end":{"line":68,"column":40}},{"start":{"line":68,"column":44},"end":{"line":68,"column":60}},{"start":{"line":68,"column":64},"end":{"line":68,"column":80}}],"line":68},"6":{"loc":{"start":{"line":72,"column":17},"end":{"line":75,"column":13}},"type":"if","locations":[{"start":{"line":72,"column":17},"end":{"line":75,"column":13}},{"start":{"line":72,"column":17},"end":{"line":75,"column":13}}],"line":72},"7":{"loc":{"start":{"line":76,"column":12},"end":{"line":79,"column":13}},"type":"if","locations":[{"start":{"line":76,"column":12},"end":{"line":79,"column":13}},{"start":{"line":76,"column":12},"end":{"line":79,"column":13}}],"line":76}},"s":{"0":1,"1":1,"2":1,"3":1,"4":1,"5":1,"6":743,"7":743,"8":1,"9":222,"10":222,"11":1,"12":743,"13":743,"14":1,"15":222,"16":1,"17":222,"18":222,"19":222,"20":222,"21":222,"22":222,"23":222,"24":0,"25":222,"26":0,"27":222,"28":0,"29":0,"30":222,"31":222,"32":222,"33":222,"34":222,"35":222,"36":222,"37":222,"38":0,"39":0,"40":0,"41":0,"42":0,"43":1},"f":{"0":1,"1":743,"2":222,"3":743,"4":222,"5":222,"6":222,"7":222,"8":222,"9":222,"10":0},"b":{"0":[1,1,1],"1":[0,1],"2":[1,1],"3":[743,743,743,743,743,743,743,743,743,743,743,743,743,743,743],"4":[0,222],"5":[222,222,222],"6":[0,222],"7":[0,222]},"inputSourceMap":{"version":3,"file":"/Users/syedwaqarahmed/Documents/UBC/Term_7_current/CPSC_310/Project/project_team043/src/controller/helperAddDatasetRooms.ts","sources":["/Users/syedwaqarahmed/Documents/UBC/Term_7_current/CPSC_310/Project/project_team043/src/controller/helperAddDatasetRooms.ts"],"names":[],"mappings":";;;;;;AAAA,qDAA+D;AAC/D,gDAAwB;AAGxB,SAAgB,qBAAqB;IACpC,IAAI,IAAI,GAAU;QACjB,QAAQ,EAAG,uBAAuB;QAClC,SAAS,EAAG,uBAAuB;QACnC,MAAM,EAAG,uBAAuB;QAChC,IAAI,EAAG,uBAAuB;QAC9B,OAAO,EAAG,uBAAuB;QACjC,GAAG,EAAG,OAAO;QACb,GAAG,EAAG,OAAO;QACb,KAAK,EAAG,OAAO;QACf,IAAI,EAAG,uBAAuB;QAC9B,SAAS,EAAG,uBAAuB;QACnC,IAAI,EAAG,uBAAuB;KAC9B,CAAC;IACF,OAAO,IAAI,CAAC;AACb,CAAC;AAfD,sDAeC;AAED,SAAgB,yBAAyB;IACxC,IAAI,QAAQ,GAAa;QACxB,QAAQ,EAAG,uBAAuB;QAClC,SAAS,EAAG,uBAAuB;QACnC,OAAO,EAAG,uBAAuB;QACjC,GAAG,EAAG,OAAO;QACb,GAAG,EAAG,OAAO;KACb,CAAC;IACF,OAAO,QAAQ,CAAC;AACjB,CAAC;AATD,8DASC;AAED,SAAgB,cAAc,CAAC,IAAW;IACzC,IAAI,MAAM,GACT,IAAI,CAAC,QAAQ,KAAK,uBAAuB;QACzC,IAAI,CAAC,SAAS,KAAK,uBAAuB;QAC1C,IAAI,CAAC,MAAM,KAAK,uBAAuB;QACvC,IAAI,CAAC,IAAI,KAAK,uBAAuB;QACrC,IAAI,CAAC,OAAO,KAAK,uBAAuB;QACxC,IAAI,CAAC,GAAG,KAAK,OAAO;QACpB,IAAI,CAAC,GAAG,KAAK,OAAO;QACpB,OAAO,CAAC,IAAI,CAAC,GAAG,CAAC,KAAK,QAAQ;QAC9B,OAAO,CAAC,IAAI,CAAC,GAAG,CAAC,KAAK,QAAQ;QAC9B,OAAO,CAAC,IAAI,CAAC,GAAG,CAAC,KAAK,WAAW;QACjC,OAAO,CAAC,IAAI,CAAC,GAAG,CAAC,KAAK,WAAW;QACjC,IAAI,CAAC,KAAK,KAAK,OAAO;QACtB,IAAI,CAAC,IAAI,KAAK,uBAAuB;QACrC,IAAI,CAAC,SAAS,KAAK,uBAAuB;QAC1C,IAAI,CAAC,IAAI,KAAK,uBAAuB,CAAC;IACvC,OAAO,MAAM,CAAC;AACf,CAAC;AAlBD,wCAkBC;AAID,SAAgB,aAAa,CAAE,OAAe;IAC7C,OAAO,kBAAkB,CAAC,OAAO,CAAC,CAAC;AACpC,CAAC;AAFD,sCAEC;AAGD,SAAgB,UAAU,CAAE,OAAe;IAC1C,OAAO,IAAI,OAAO,CAAC,UAAU,OAAO,EAAE,MAAM;QAC3C,IAAI,cAAc,GAAW,aAAa,CAAC,OAAO,CAAC,CAAC;QAGpD,IAAI,MAAM,GAAG,+DAA+D,GAAG,cAAc,CAAC;QAC9F,cAAI,CAAC,GAAG,CAAC,MAAM,EAAE,CAAC,GAAG,EAAE,EAAE;YACxB,MAAM,EAAC,UAAU,EAAC,GAAG,GAAG,CAAC;YACzB,MAAM,WAAW,GAAG,GAAG,CAAC,OAAO,CAAC,cAAc,CAAC,CAAC;YAChD,IAAI,KAAK,CAAC;YAIV,IAAI,UAAU,KAAK,SAAS,IAAI,UAAU,GAAG,GAAG,IAAI,UAAU,GAAG,GAAG,EAAE;gBACrE,KAAK,GAAG,IAAI,KAAK,CAAC,mBAAmB;oBACpC,gBAAgB,UAAU,EAAE,CAAC,CAAC;aAE/B;iBAAM,IAAI,CAAC,oBAAoB,CAAC,IAAI,CAAC,WAAqB,CAAC,EAAE;gBAC7D,KAAK,GAAG,IAAI,KAAK,CAAC,yBAAyB;oBAC1C,0CAA0C,WAAW,EAAE,CAAC,CAAC;aAE1D;YACD,IAAI,KAAK,EAAE;gBAGV,GAAG,CAAC,MAAM,EAAE,CAAC;gBAEb,OAAO,MAAM,CAAC,KAAK,CAAC,CAAC;aAErB;YACD,GAAG,CAAC,WAAW,CAAC,MAAM,CAAC,CAAC;YACxB,IAAI,OAAO,GAAG,EAAE,CAAC;YACjB,GAAG,CAAC,EAAE,CAAC,MAAM,EAAE,CAAC,KAAK,EAAE,EAAE;gBACxB,OAAO,IAAI,KAAK,CAAC;YAClB,CAAC,CAAC,CAAC;YACH,GAAG,CAAC,EAAE,CAAC,KAAK,EAAE,GAAG,EAAE;gBAClB,IAAI;oBACH,MAAM,UAAU,GAAG,IAAI,CAAC,KAAK,CAAC,OAAO,CAAC,CAAC;oBACvC,OAAO,OAAO,CAAC,UAAU,CAAC,CAAC;iBAC3B;gBAAC,OAAO,CAAC,EAAE;oBACX,OAAO,CAAC,KAAK,CAAC,CAAC,CAAC,CAAC;oBACjB,OAAO,MAAM,CAAC,CAAC,CAAC,CAAC;iBACjB;YACF,CAAC,CAAC,CAAC;QACJ,CAAC,CAAC,CAAC,EAAE,CAAC,OAAO,EAAE,CAAC,CAAC,EAAE,EAAE;YACpB,OAAO,CAAC,KAAK,CAAC,cAAc,CAAC,CAAC,OAAO,EAAE,CAAC,CAAC;YACzC,MAAM,IAAI,6BAAY,CAAC,wCAAwC,CAAC,CAAC;YACjE,OAAO,MAAM,CAAC,CAAC,CAAC,CAAC;QAClB,CAAC,CAAC,CAAC;IACJ,CAAC,CAAC,CAAC;AACJ,CAAC;AAlDD,gCAkDC","sourcesContent":["import {Building, InsightError, Rooms} from \"./IInsightFacade\";\nimport http from \"http\";\n\n\nexport function initializeDefaultRoom(): Rooms {\n\tlet room: Rooms = {\n\t\tfullname : \"ImpossibleWord@$%#123\",\n\t\tshortname : \"ImpossibleWord@$%#123\",\n\t\tnumber : \"ImpossibleWord@$%#123\",\n\t\tname : \"ImpossibleWord@$%#123\",\n\t\taddress : \"ImpossibleWord@$%#123\",\n\t\tlat : 1000000,\n\t\tlon : 1000000,\n\t\tseats : 1000000,\n\t\ttype : \"ImpossibleWord@$%#123\",\n\t\tfurniture : \"ImpossibleWord@$%#123\",\n\t\thref : \"ImpossibleWord@$%#123\",\n\t};\n\treturn room;\n}\n\nexport function initializeDefaultBuilding(): Building {\n\tlet building: Building = {\n\t\tfullname : \"ImpossibleWord@$%#123\",\n\t\tshortname : \"ImpossibleWord@$%#123\",\n\t\taddress : \"ImpossibleWord@$%#123\",\n\t\tlat : 1000000,\n\t\tlon : 1000000\n\t};\n\treturn building;\n}\n\nexport function checkValidRoom(room: Rooms): boolean {\n\tlet result: boolean =\n\t\troom.fullname !== \"ImpossibleWord@$%#123\" &&\n\t\troom.shortname !== \"ImpossibleWord@$%#123\" &&\n\t\troom.number !== \"ImpossibleWord@$%#123\" &&\n\t\troom.name !== \"ImpossibleWord@$%#123\" &&\n\t\troom.address !== \"ImpossibleWord@$%#123\" &&\n\t\troom.lat !== 1000000 &&\n\t\troom.lon !== 1000000 &&\n\t\ttypeof (room.lat) !== \"string\" &&\n\t\ttypeof (room.lon) !== \"string\" &&\n\t\ttypeof (room.lat) !== \"undefined\" &&\n\t\ttypeof (room.lon) !== \"undefined\" &&\n\t\troom.seats !== 1000000 &&\n\t\troom.type !== \"ImpossibleWord@$%#123\" &&\n\t\troom.furniture !== \"ImpossibleWord@$%#123\" &&\n\t\troom.href !== \"ImpossibleWord@$%#123\";\n\treturn result;\n}\n\n\n// Encodes building address (string) for use in a URL request\nexport function encodeAddress (address: string) {\n\treturn encodeURIComponent(address);\n}\n\n// Takes in building address and returns its lat and lon coordinates.\nexport function getGeoData (address: string): any {\n\treturn new Promise(function (resolve, reject) {\n\t\tlet encodedAddress: string = encodeAddress(address);\n\t\t// The following function is copied from HTTP API\n\t\t// Reference: https://nodejs.org/api/http.html#httpgeturl-options-callback\n\t\tlet getURL = \"http://cs310.students.cs.ubc.ca:11316/api/v1/project_team043/\" + encodedAddress;\n\t\thttp.get(getURL, (res) => {\n\t\t\tconst {statusCode} = res;\n\t\t\tconst contentType = res.headers[\"content-type\"];\n\t\t\tlet error;\n\t\t\t// Any 2xx status code signals a successful response but\n\t\t\t// here we're only checking for 200.\n\t\t\t// if (statusCode !== 200) {\n\t\t\tif (statusCode === undefined || statusCode < 200 || statusCode > 299) {\n\t\t\t\terror = new Error(\"Request Failed.\\n\" +\n\t\t\t\t\t`Status Code: ${statusCode}`);\n\t\t\t\t// return reject(error);\n\t\t\t} else if (!/^application\\/json/.test(contentType as string)) {\n\t\t\t\terror = new Error(\"Invalid content-type.\\n\" +\n\t\t\t\t\t`Expected application/json but received ${contentType}`);\n\t\t\t\t// return reject(error);\n\t\t\t}\n\t\t\tif (error) {\n\t\t\t\t// console.error(error.message);\n\t\t\t\t// Consume response data to free up memory\n\t\t\t\tres.resume();\n\t\t\t\t// This catches both if there is an internet error or the address is wrong.\n\t\t\t\treturn reject(error);\n\t\t\t\t// return;\n\t\t\t}\n\t\t\tres.setEncoding(\"utf8\");\n\t\t\tlet rawData = \"\";\n\t\t\tres.on(\"data\", (chunk) => {\n\t\t\t\trawData += chunk;\n\t\t\t});\n\t\t\tres.on(\"end\", () => {\n\t\t\t\ttry {\n\t\t\t\t\tconst parsedData = JSON.parse(rawData);\n\t\t\t\t\treturn resolve(parsedData);\n\t\t\t\t} catch (e) {\n\t\t\t\t\tconsole.error(e);\n\t\t\t\t\treturn reject(e);\n\t\t\t\t}\n\t\t\t});\n\t\t}).on(\"error\", (e) => {\n\t\t\tconsole.error(`Got error: ${e.message}`);\n\t\t\tthrow new InsightError(\"Internet connection not working maybe?\");\n\t\t\treturn reject(e);\n\t\t});\n\t});\n}\n"]},"_coverageSchema":"1a1c01bbd47fc00a2c39e90264f33305004495a9","hash":"457c2f389c581a461ec1925f040ce39ac8a3107a","contentHash":"1fc1b84b58e20131f0367282a65c62d201c658d4c96fa52901fa10a95f3013fd"}}